<?xml version="1.0" encoding="UTF-8"?>
<robot generator="Robot 5.0 (Python 3.9.8 on darwin)" generated="20220428 17:14:09.475" rpa="false" schemaversion="3">
<suite id="s1" name="QTM-1113" source="/Users/nirawitthepsawade/Documents/GitHub/scgh-retail/testcases/AI/minmaxlevel/QTM-1113.robot">
<kw name="SCG suite setup" library="common" type="SETUP">
<kw name="Open chrome browser" library="DobbyWebCommon">
<var>${directory_download}</var>
<arg>url=${url['link']}</arg>
<arg>with_download_dir=${TRUE}</arg>
<doc>Open chrome browser with so many option to customize.</doc>
<kw name="Evaluate" library="BuiltIn">
<var>${chrome_options}</var>
<arg>sys.modules['selenium.webdriver'].ChromeOptions()</arg>
<arg>sys, selenium.webdriver</arg>
<doc>Evaluates the given expression in Python and returns the result.</doc>
<msg timestamp="20220428 17:14:10.632" level="INFO">${chrome_options} = &lt;selenium.webdriver.chrome.options.Options object at 0x1215ed340&gt;</msg>
<status status="PASS" starttime="20220428 17:14:10.631" endtime="20220428 17:14:10.632"/>
</kw>
<kw name="Call Method" library="BuiltIn">
<arg>${chrome_options}</arg>
<arg>add_argument</arg>
<arg>--disable-infobars</arg>
<doc>Calls the named method of the given object with the provided arguments.</doc>
<status status="PASS" starttime="20220428 17:14:10.632" endtime="20220428 17:14:10.632"/>
</kw>
<kw name="Call Method" library="BuiltIn">
<arg>${chrome_options}</arg>
<arg>add_argument</arg>
<arg>--window-size\=1920,1080</arg>
<doc>Calls the named method of the given object with the provided arguments.</doc>
<status status="PASS" starttime="20220428 17:14:10.632" endtime="20220428 17:14:10.632"/>
</kw>
<kw name="Call Method" library="BuiltIn">
<arg>${chrome_options}</arg>
<arg>add_argument</arg>
<arg>--disable-dev-shm-usage</arg>
<doc>Calls the named method of the given object with the provided arguments.</doc>
<status status="PASS" starttime="20220428 17:14:10.632" endtime="20220428 17:14:10.632"/>
</kw>
<kw name="Call Method" library="BuiltIn">
<arg>${chrome_options}</arg>
<arg>add_argument</arg>
<arg>--disable-gpu</arg>
<doc>Calls the named method of the given object with the provided arguments.</doc>
<status status="PASS" starttime="20220428 17:14:10.632" endtime="20220428 17:14:10.632"/>
</kw>
<kw name="Call Method" library="BuiltIn">
<arg>${chrome_options}</arg>
<arg>add_argument</arg>
<arg>--no-sandbox</arg>
<doc>Calls the named method of the given object with the provided arguments.</doc>
<status status="PASS" starttime="20220428 17:14:10.632" endtime="20220428 17:14:10.633"/>
</kw>
<if>
<branch type="IF" condition="'${extension_full_path}' != '${EMPTY}'">
<kw name="Call Method" library="BuiltIn">
<arg>${chrome_options}</arg>
<arg>add_extension</arg>
<arg>${extension_full_path}</arg>
<doc>Calls the named method of the given object with the provided arguments.</doc>
<status status="NOT RUN" starttime="20220428 17:14:10.634" endtime="20220428 17:14:10.634"/>
</kw>
<status status="NOT RUN" starttime="20220428 17:14:10.634" endtime="20220428 17:14:10.634"/>
</branch>
<status status="PASS" starttime="20220428 17:14:10.633" endtime="20220428 17:14:10.634"/>
</if>
<if>
<branch type="IF" condition="${headless}">
<kw name="Call Method" library="BuiltIn">
<arg>${chrome_options}</arg>
<arg>add_argument</arg>
<arg>--headless</arg>
<doc>Calls the named method of the given object with the provided arguments.</doc>
<status status="NOT RUN" starttime="20220428 17:14:10.634" endtime="20220428 17:14:10.634"/>
</kw>
<kw name="Call Method" library="BuiltIn">
<arg>${chrome_options}</arg>
<arg>add_argument</arg>
<arg>--window-size\=1920,1080</arg>
<doc>Calls the named method of the given object with the provided arguments.</doc>
<status status="NOT RUN" starttime="20220428 17:14:10.634" endtime="20220428 17:14:10.634"/>
</kw>
<status status="NOT RUN" starttime="20220428 17:14:10.634" endtime="20220428 17:14:10.634"/>
</branch>
<status status="PASS" starttime="20220428 17:14:10.634" endtime="20220428 17:14:10.634"/>
</if>
<if>
<branch type="IF" condition="${with_download_dir}">
<kw name="Get Time" library="BuiltIn">
<var>${current_time}</var>
<arg>epoch</arg>
<doc>Returns the given time in the requested format.</doc>
<msg timestamp="20220428 17:14:10.634" level="INFO">${current_time} = 1651140850</msg>
<status status="PASS" starttime="20220428 17:14:10.634" endtime="20220428 17:14:10.635"/>
</kw>
<kw name="Join Path" library="OperatingSystem">
<var>${download_directory}</var>
<arg>${OUTPUT_DIR}</arg>
<arg>downloads_${current_time}</arg>
<doc>Joins the given path part(s) to the given base path.</doc>
<msg timestamp="20220428 17:14:10.635" level="INFO">${download_directory} = /Users/nirawitthepsawade/Documents/GitHub/scgh-retail/log/downloads_1651140850</msg>
<status status="PASS" starttime="20220428 17:14:10.635" endtime="20220428 17:14:10.635"/>
</kw>
<kw name="Create Directory" library="OperatingSystem">
<arg>${download_directory}</arg>
<doc>Creates the specified directory.</doc>
<msg timestamp="20220428 17:14:10.635" level="INFO" html="true">Created directory '&lt;a href="file:///Users/nirawitthepsawade/Documents/GitHub/scgh-retail/log/downloads_1651140850"&gt;/Users/nirawitthepsawade/Documents/GitHub/scgh-retail/log/downloads_1651140850&lt;/a&gt;'.</msg>
<status status="PASS" starttime="20220428 17:14:10.635" endtime="20220428 17:14:10.635"/>
</kw>
<kw name="Wait Until Keyword Succeeds" library="BuiltIn">
<arg>5x</arg>
<arg>2s</arg>
<arg>OperatingSystem.Directory Should Exist</arg>
<arg>${download_directory}</arg>
<doc>Runs the specified keyword and retries if it fails.</doc>
<kw name="Directory Should Exist" library="OperatingSystem">
<arg>${download_directory}</arg>
<doc>Fails unless the given path points to an existing directory.</doc>
<msg timestamp="20220428 17:14:10.636" level="INFO" html="true">Directory '&lt;a href="file:///Users/nirawitthepsawade/Documents/GitHub/scgh-retail/log/downloads_1651140850"&gt;/Users/nirawitthepsawade/Documents/GitHub/scgh-retail/log/downloads_1651140850&lt;/a&gt;' exists.</msg>
<status status="PASS" starttime="20220428 17:14:10.636" endtime="20220428 17:14:10.636"/>
</kw>
<status status="PASS" starttime="20220428 17:14:10.635" endtime="20220428 17:14:10.636"/>
</kw>
<kw name="Create Dictionary" library="BuiltIn">
<var>${prefs}</var>
<arg>download.default_directory=${download_directory}</arg>
<doc>Creates and returns a dictionary based on the given ``items``.</doc>
<msg timestamp="20220428 17:14:10.636" level="INFO">${prefs} = {'download.default_directory': '/Users/nirawitthepsawade/Documents/GitHub/scgh-retail/log/downloads_1651140850'}</msg>
<status status="PASS" starttime="20220428 17:14:10.636" endtime="20220428 17:14:10.636"/>
</kw>
<kw name="Log To Console" library="BuiltIn">
<arg>file will be downloaded to ${download_directory}</arg>
<doc>Logs the given message to the console.</doc>
<status status="PASS" starttime="20220428 17:14:10.636" endtime="20220428 17:14:10.636"/>
</kw>
<kw name="Call Method" library="BuiltIn">
<arg>${chrome_options}</arg>
<arg>add_experimental_option</arg>
<arg>prefs</arg>
<arg>${prefs}</arg>
<doc>Calls the named method of the given object with the provided arguments.</doc>
<status status="PASS" starttime="20220428 17:14:10.636" endtime="20220428 17:14:10.637"/>
</kw>
<status status="PASS" starttime="20220428 17:14:10.634" endtime="20220428 17:14:10.637"/>
</branch>
<branch type="ELSE">
<kw name="Set Variable" library="BuiltIn">
<var>${download_directory}</var>
<arg>${EMPTY}</arg>
<doc>Returns the given values which can then be assigned to a variables.</doc>
<status status="NOT RUN" starttime="20220428 17:14:10.637" endtime="20220428 17:14:10.637"/>
</kw>
<status status="NOT RUN" starttime="20220428 17:14:10.637" endtime="20220428 17:14:10.637"/>
</branch>
<status status="PASS" starttime="20220428 17:14:10.634" endtime="20220428 17:14:10.637"/>
</if>
<if>
<branch type="IF" condition="${with_proxy}">
<kw name="Evaluate" library="BuiltIn">
<var>${random_proxy_port}</var>
<arg>random.sample(range(30000, 45000), 1)</arg>
<arg>random</arg>
<doc>Evaluates the given expression in Python and returns the result.</doc>
<status status="NOT RUN" starttime="20220428 17:14:10.637" endtime="20220428 17:14:10.637"/>
</kw>
<kw name="Create Dictionary" library="BuiltIn">
<var>&amp;{proxt_port}</var>
<arg>port=${random_proxy_port}[0]</arg>
<doc>Creates and returns a dictionary based on the given ``items``.</doc>
<status status="NOT RUN" starttime="20220428 17:14:10.637" endtime="20220428 17:14:10.637"/>
</kw>
<kw name="Start Local Server" library="BrowserMobProxyLibrary">
<arg>${path_to_browsermob_proxy}</arg>
<doc>Start local Browsermob Proxy Server instance</doc>
<status status="NOT RUN" starttime="20220428 17:14:10.637" endtime="20220428 17:14:10.637"/>
</kw>
<kw name="Create Proxy" library="BrowserMobProxyLibrary">
<arg>${proxt_port}</arg>
<doc>Creates proxy.</doc>
<status status="NOT RUN" starttime="20220428 17:14:10.638" endtime="20220428 17:14:10.638"/>
</kw>
<kw name="Call Method" library="BuiltIn">
<arg>${chrome_options}</arg>
<arg>add_argument</arg>
<arg>--proxy-server\=127.0.0.1:${random_proxy_port}[0]</arg>
<doc>Calls the named method of the given object with the provided arguments.</doc>
<status status="NOT RUN" starttime="20220428 17:14:10.638" endtime="20220428 17:14:10.638"/>
</kw>
<kw name="Call Method" library="BuiltIn">
<arg>${chrome_options}</arg>
<arg>add_argument</arg>
<arg>ignore-certificate-errors</arg>
<doc>Calls the named method of the given object with the provided arguments.</doc>
<status status="NOT RUN" starttime="20220428 17:14:10.638" endtime="20220428 17:14:10.638"/>
</kw>
<status status="NOT RUN" starttime="20220428 17:14:10.637" endtime="20220428 17:14:10.638"/>
</branch>
<status status="PASS" starttime="20220428 17:14:10.637" endtime="20220428 17:14:10.638"/>
</if>
<if>
<branch type="IF" condition="${with_save_pdf}">
<kw name="Get Time" library="BuiltIn">
<var>${current_time}</var>
<arg>epoch</arg>
<doc>Returns the given time in the requested format.</doc>
<status status="NOT RUN" starttime="20220428 17:14:10.638" endtime="20220428 17:14:10.638"/>
</kw>
<kw name="Join Path" library="OperatingSystem">
<var>${download_directory}</var>
<arg>${OUTPUT_DIR}</arg>
<arg>downloads_${current_time}</arg>
<doc>Joins the given path part(s) to the given base path.</doc>
<status status="NOT RUN" starttime="20220428 17:14:10.638" endtime="20220428 17:14:10.638"/>
</kw>
<kw name="Create Directory" library="OperatingSystem">
<arg>${download_directory}</arg>
<doc>Creates the specified directory.</doc>
<status status="NOT RUN" starttime="20220428 17:14:10.638" endtime="20220428 17:14:10.638"/>
</kw>
<kw name="Wait Until Keyword Succeeds" library="BuiltIn">
<arg>5x</arg>
<arg>2s</arg>
<arg>OperatingSystem.Directory Should Exist</arg>
<arg>${download_directory}</arg>
<doc>Runs the specified keyword and retries if it fails.</doc>
<status status="NOT RUN" starttime="20220428 17:14:10.638" endtime="20220428 17:14:10.638"/>
</kw>
<kw name="Convert String to JSON" library="JSONLibrary">
<var>${json}</var>
<arg>{ "appState": { "recentDestinations": [{"id": "Save as PDF","origin": "local","account":""}],"selectedDestinationId": "Save as PDF","version": ${2}}}</arg>
<doc>Convert String to JSON object</doc>
<status status="NOT RUN" starttime="20220428 17:14:10.639" endtime="20220428 17:14:10.639"/>
</kw>
<kw name="Create Dictionary" library="BuiltIn">
<var>${prefs}</var>
<arg>savefile.default_directory=${download_directory}</arg>
<arg>download.default_directory=${download_directory}</arg>
<arg>download.prompt_for_download=${FALSE}</arg>
<arg>directory_upgrade=${TRUE}</arg>
<arg>plugins.plugins_disabled=Chrome PDF Viewer</arg>
<arg>printing.print_preview_sticky_settings=${json}</arg>
<arg>plugins.always_open_pdf_externally=${TRUE}</arg>
<arg>download.extensions_to_open=applications/pdf</arg>
<doc>Creates and returns a dictionary based on the given ``items``.</doc>
<status status="NOT RUN" starttime="20220428 17:14:10.639" endtime="20220428 17:14:10.639"/>
</kw>
<kw name="Call Method" library="BuiltIn">
<arg>${chrome_options}</arg>
<arg>add_argument</arg>
<arg>--kiosk-printing</arg>
<doc>Calls the named method of the given object with the provided arguments.</doc>
<status status="NOT RUN" starttime="20220428 17:14:10.639" endtime="20220428 17:14:10.639"/>
</kw>
<kw name="Call Method" library="BuiltIn">
<arg>${chrome_options}</arg>
<arg>add_argument</arg>
<arg>--disable-print-preview</arg>
<doc>Calls the named method of the given object with the provided arguments.</doc>
<status status="NOT RUN" starttime="20220428 17:14:10.639" endtime="20220428 17:14:10.639"/>
</kw>
<kw name="Call Method" library="BuiltIn">
<arg>${chrome_options}</arg>
<arg>add_experimental_option</arg>
<arg>prefs</arg>
<arg>${prefs}</arg>
<doc>Calls the named method of the given object with the provided arguments.</doc>
<status status="NOT RUN" starttime="20220428 17:14:10.639" endtime="20220428 17:14:10.639"/>
</kw>
<status status="NOT RUN" starttime="20220428 17:14:10.638" endtime="20220428 17:14:10.639"/>
</branch>
<status status="PASS" starttime="20220428 17:14:10.638" endtime="20220428 17:14:10.639"/>
</if>
<if>
<branch type="IF" condition="'${browser_mode}' == 'mobile'">
<kw name="Create Dictionary" library="BuiltIn">
<var>${mobile_emulation}</var>
<arg>deviceName=iPhone X</arg>
<doc>Creates and returns a dictionary based on the given ``items``.</doc>
<status status="NOT RUN" starttime="20220428 17:14:10.639" endtime="20220428 17:14:10.639"/>
</kw>
<kw name="Call Method" library="BuiltIn">
<arg>${chrome_options}</arg>
<arg>add_experimental_option</arg>
<arg>mobileEmulation</arg>
<arg>${mobile_emulation}</arg>
<doc>Calls the named method of the given object with the provided arguments.</doc>
<status status="NOT RUN" starttime="20220428 17:14:10.639" endtime="20220428 17:14:10.639"/>
</kw>
<status status="NOT RUN" starttime="20220428 17:14:10.639" endtime="20220428 17:14:10.639"/>
</branch>
<status status="PASS" starttime="20220428 17:14:10.639" endtime="20220428 17:14:10.640"/>
</if>
<kw name="Create Webdriver" library="SeleniumLibrary">
<arg>Chrome</arg>
<arg>chrome_options=${chrome_options}</arg>
<doc>Creates an instance of Selenium WebDriver.</doc>
<msg timestamp="20220428 17:14:10.640" level="INFO">Creating an instance of the Chrome WebDriver.</msg>
<status status="PASS" starttime="20220428 17:14:10.640" endtime="20220428 17:14:14.353"/>
</kw>
<kw name="Go To" library="SeleniumLibrary">
<arg>${url}</arg>
<doc>Navigates the current browser window to the provided ``url``.</doc>
<msg timestamp="20220428 17:14:14.354" level="INFO">Opening url 'https://scgh-ifrs-uat.scg-wedo.tech/'</msg>
<status status="PASS" starttime="20220428 17:14:14.354" endtime="20220428 17:14:15.954"/>
</kw>
<if>
<branch type="IF" condition="'${browser_mode}' == 'desktop'">
<kw name="Maximize Browser Window" library="SeleniumLibrary">
<doc>Maximizes current browser window.</doc>
<status status="PASS" starttime="20220428 17:14:15.954" endtime="20220428 17:14:16.060"/>
</kw>
<status status="PASS" starttime="20220428 17:14:15.954" endtime="20220428 17:14:16.060"/>
</branch>
<status status="PASS" starttime="20220428 17:14:15.954" endtime="20220428 17:14:16.060"/>
</if>
<msg timestamp="20220428 17:14:16.061" level="INFO">${directory_download} = /Users/nirawitthepsawade/Documents/GitHub/scgh-retail/log/downloads_1651140850</msg>
<status status="PASS" starttime="20220428 17:14:10.628" endtime="20220428 17:14:16.061"/>
</kw>
<kw name="Set Selenium Timeout" library="SeleniumLibrary">
<arg>${global_timeout}</arg>
<doc>Sets the timeout that is used by various keywords.</doc>
<status status="PASS" starttime="20220428 17:14:16.061" endtime="20220428 17:14:16.062"/>
</kw>
<kw name="Maximize Browser Window" library="SeleniumLibrary">
<doc>Maximizes current browser window.</doc>
<status status="PASS" starttime="20220428 17:14:16.063" endtime="20220428 17:14:16.168"/>
</kw>
<kw name="Set Library Search Order" library="BuiltIn">
<arg>SeleniumLibrary</arg>
<arg>AppiumLibrary</arg>
<arg>DobbyWebCommon</arg>
<arg>DobbyCommon</arg>
<doc>Sets the resolution order to use when a name matches multiple keywords.</doc>
<status status="PASS" starttime="20220428 17:14:16.168" endtime="20220428 17:14:16.168"/>
</kw>
<status status="PASS" starttime="20220428 17:14:10.625" endtime="20220428 17:14:16.168"/>
</kw>
<test id="s1-t1" name="Verify that user able to import successfully by valid case" line="7">
<kw name="Get customer token" library="common" type="SETUP">
<arg>${account['superuser']['acc_02']['username']}</arg>
<arg>${account['superuser']['acc_02']['password']}</arg>
<doc>Get customer token</doc>
<kw name="Create Dictionary" library="BuiltIn">
<var>&amp;{header}</var>
<arg>Content-Type=application/json</arg>
<doc>Creates and returns a dictionary based on the given ``items``.</doc>
<msg timestamp="20220428 17:14:16.179" level="INFO">&amp;{header} = { Content-Type=application/json }</msg>
<status status="PASS" starttime="20220428 17:14:16.178" endtime="20220428 17:14:16.179"/>
</kw>
<kw name="Load JSON From File" library="JSONLibrary">
<var>${jsonfile}</var>
<arg>${customer_body}</arg>
<doc>Load JSON from file.</doc>
<msg timestamp="20220428 17:14:16.180" level="INFO">${jsonfile} = {'operationName': 'TokenAuth', 'variables': {'email': '', 'password': ''}, 'query': 'fragment User on User {\n  id\n  email\n  firstName\n  lastName\n  isStaff\n  userPermissions {\n    code\n    name...</msg>
<status status="PASS" starttime="20220428 17:14:16.179" endtime="20220428 17:14:16.180"/>
</kw>
<kw name="Update Value To Json" library="JSONLibrary">
<var>${jsonfile}</var>
<arg>${jsonfile}</arg>
<arg>$..email</arg>
<arg>${username}</arg>
<doc>Update value to JSON using JSONPath</doc>
<msg timestamp="20220428 17:14:16.200" level="INFO">${jsonfile} = {'operationName': 'TokenAuth', 'variables': {'email': 'auto.superuser1@gmail.com', 'password': ''}, 'query': 'fragment User on User {\n  id\n  email\n  firstName\n  lastName\n  isStaff\n  userPermissi...</msg>
<status status="PASS" starttime="20220428 17:14:16.180" endtime="20220428 17:14:16.200"/>
</kw>
<kw name="Update Value To Json" library="JSONLibrary">
<var>${jsonfile}</var>
<arg>${jsonfile}</arg>
<arg>$..password</arg>
<arg>${passwords}</arg>
<doc>Update value to JSON using JSONPath</doc>
<msg timestamp="20220428 17:14:16.214" level="INFO">${jsonfile} = {'operationName': 'TokenAuth', 'variables': {'email': 'auto.superuser1@gmail.com', 'password': 'Pas@1234'}, 'query': 'fragment User on User {\n  id\n  email\n  firstName\n  lastName\n  isStaff\n  user...</msg>
<status status="PASS" starttime="20220428 17:14:16.200" endtime="20220428 17:14:16.214"/>
</kw>
<kw name="POST" library="REST">
<var>${response}</var>
<arg>endpoint=${url['url_api']}</arg>
<arg>headers=&amp;{header}</arg>
<arg>validate=false</arg>
<arg>body=${jsonfile}</arg>
<tag>http</tag>
<doc>*Sends a POST request to the endpoint.*</doc>
<msg timestamp="20220428 17:14:16.685" level="INFO">${response} = {'seconds': 0.367063, 'status': 200, 'reason': 'OK', 'body': {'data': {'tokenCreate': {'errors': [], 'csrfToken': '9OROUlblqN1uwUlrANfjXyswHOOY411e5E7zJWtFAcvt8mYUVVQ83odbs9LEezAo', 'token': 'eyJ0eXAi...</msg>
<status status="PASS" starttime="20220428 17:14:16.214" endtime="20220428 17:14:16.685"/>
</kw>
<kw name="Integer" library="REST">
<arg>response status</arg>
<arg>200</arg>
<tag>assertions</tag>
<doc>*Asserts the field as JSON integer.*</doc>
<status status="PASS" starttime="20220428 17:14:16.685" endtime="20220428 17:14:16.687"/>
</kw>
<kw name="Output" library="REST">
<var>${respbody}</var>
<arg>response body</arg>
<tag>I/O</tag>
<doc>*Outputs JSON to terminal or a file.*</doc>
<msg timestamp="20220428 17:14:16.688" level="INFO">
{
    "data": {
        "tokenCreate": {
            "errors": [],
            "csrfToken": "9OROUlblqN1uwUlrANfjXyswHOOY411e5E7zJWtFAcvt8mYUVVQ83odbs9LEezAo",
            "token": "eyJ0eXAiOiJKV1QiLCJhbGciOiJIUzI1NiJ9.eyJpYXQiOjE2NTExNDA4NTYsIm93bmVyIjoic2FsZW9yIiwiZXhwIjoxNjUxMTQxMTU2LCJ0b2tlbiI6IkZxZG5TZzNSVkNqYiIsImVtYWlsIjoiYXV0by5zdXBlcnVzZXIxQGdtYWlsLmNvbSIsInR5cGUiOiJhY2Nlc3MiLCJ1c2VyX2lkIjoiVlhObGNqb3hOVFE0IiwiaXNfc3RhZmYiOnRydWV9.hLUTG9x0FW6SJkPjjwpRAxZ5g7qoNy0q8PIg6nx25BM",
            "user": {
                "id": "VXNlcjoxNTQ4",
                "email": "auto.superuser1@gmail.com",
                "firstName": "Superuser1",
                "lastName": "Automate",
                "isStaff": true,
                "userPermissions": [
                    {
                        "code": "APPROVE_TARGET_ADJUSTMENT",
                        "name": "Approve Target Adjustment",
                        "__typename": "UserPermission"
                    },
                    {
                        "code": "APPROVE_TARGET_SET",
                        "name": "Approve Target Set",
                        "__typename": "UserPermission"
                    },
                    {
                        "code": "CHANGE_PRODUCTCLASS",
                        "name": "Can Change Product Class",
                        "__typename": "UserPermission"
                    },
                    {
                        "code": "CHANGE_PRODUCTMINMAX",
                        "name": "Can Change Product Min Max",
                        "__typename": "UserPermission"
                    },
                    {
                        "code": "CHANGE_PRODUCT_REPLACEMENT",
                        "name": "Change Product Replacements",
                        "__typename": "UserPermission"
                    },
                    {
                        "code": "DELETE_PRODUCTCLASS",
                        "name": "Can Delete Product Class",
                        "__typename": "UserPermission"
                    },
                    {
                        "code": "DELETE_PRODUCTMINMAX",
                        "name": "Can Delete Product Min Max",
                        "__typename": "UserPermission"
                    },
                    {
                        "code": "DELETE_PRODUCT_REPLACEMENT",
                        "name": "Delete Product Replacements",
                        "__typename": "UserPermission"
                    },
                    {
                        "code": "EDIT_DRAFT_TARGET_ADJUSTMENT",
                        "name": "Edit Draft Target Adjustment",
                        "__typename": "UserPermission"
                    },
                    {
                        "code": "EDIT_DRAFT_TARGET_SET",
                        "name": "Edit Draft Target Set",
                        "__typename": "UserPermission"
                    },
                    {
                        "code": "EDIT_PERMISSION_GROUP",
                        "name": "Edit Permission Group.",
                        "__typename": "UserPermission"
                    },
                    {
                        "code": "EDIT_SCG_SETTINGS",
                        "name": "Edit Scg Settings.",
                        "__typename": "UserPermission"
                    },
                    {
                        "code": "EDIT_STAFF",
                        "name": "Edit Staff.",
                        "__typename": "UserPermission"
                    },
                    {
                        "code": "FINAL_APPROVE_TARGET_ADJUSTMENT",
                        "name": "Final Approve Target Adjustment",
                        "__typename": "UserPermission"
                    },
                    {
                        "code": "MAIN_MENU_CONFIGURATION",
                        "name": "Main Menu Configuration",
                        "__typename": "UserPermission"
                    },
                    {
                        "code": "MAIN_MENU_DRP",
                        "name": "Mainmenu Drp",
                        "__typename": "UserPermission"
                    },
                    {
                        "code": "MAIN_MENU_FORECAST",
                        "name": "Mainmenu Forecast",
                        "__typename": "UserPermission"
                    },
                    {
                        "code": "MAIN_MENU_VMI",
                        "name": "Mainmenu Vmi",
                        "__typename": "UserPermission"
                    },
                    {
                        "code": "MANAGE_ALL_CATEGORIES",
                        "name": "Manage All Categories.",
                        "__typename": "UserPermission"
                    },
                    {
                        "code": "MANAGE_ALL_CHANNELS",
                        "name": "Manage All Channels",
                        "__typename": "UserPermission"
                    },
                    {
                        "code": "MANAGE_ARTICLE_GROUPING",
                        "name": "Manage Article Grouping.",
                        "__typename": "UserPermission"
                    },
                    {
                        "code": "MANAGE_CHANNELS",
                        "name": "Manage Channels.",
                        "__typename": "UserPermission"
                    },
                    {
                        "code": "MANAGE_DRAFT_CHANNELS",
                        "name": "Manage Draft Channels.",
                        "__typename": "UserPermission"
                    },
                    {
                        "code": "MANAGE_FILTER_PREFERENCES",
                        "name": "Manage Filter Preferences.",
                        "__typename": "UserPermission"
                    },
                    {
                        "code": "MANAGE_IMPORT_FILES",
                        "name": "Manage Import Files.",
                        "__typename": "UserPermission"
                    },
                    {
                        "code": "MANAGE_ORDERS",
                        "name": "Manage Orders.",
                        "__typename": "UserPermission"
                    },
                    {
                        "code": "MANAGE_PRODUCT_ORDER_HISTORY",
                        "name": "Manage Product Order History.",
                        "__typename": "UserPermission"
                    },
                    {
                        "code": "MANAGE_PRODUCTS",
                        "name": "Manage Products.",
                        "__typename": "UserPermission"
                    },
                    {
                        "code": "MANAGE_PRODUCT_TYPES_AND_ATTRIBUTES",
                        "name": "Manage Product Types And Attributes.",
                        "__typename": "UserPermission"
                    },
                    {
                        "code": "MANAGE_PURCHASE_ORDERS",
                        "name": "Manage Purchase Orders.",
                        "__typename": "UserPermission"
                    },
                    {
                        "code": "MANAGE_STOCK_REPLENISHMENT",
                        "name": "View Stock Replenishment.",
                        "__typename": "UserPermission"
                    },
                    {
                        "code": "MANAGE_USERS",
                        "name": "Manage Customers.",
                        "__typename": "UserPermission"
                    },
                    {
                        "code": "SUBMIT_PRODUCTCLASS",
                        "name": "Submit Product Class",
                        "__typename": "UserPermission"
                    },
                    {
                        "code": "VIEW_DISPLAY_TARGET",
                        "name": "View Display Target.",
                        "__typename": "UserPermission"
                    },
                    {
                        "code": "VIEW_DRP_PRODUCT_STATUS",
                        "name": "View Drp Product Status",
                        "__typename": "UserPermission"
                    },
                    {
                        "code": "VIEW_DRP_REPORT",
                        "name": "View Drp Report",
                        "__typename": "UserPermission"
                    },
                    {
                        "code": "VIEW_DRP_STOCK_DC_RDC",
                        "name": "View Drp Stock Dc/drp",
                        "__typename": "UserPermission"
                    },
                    {
                        "code": "VIEW_DRP_STO_PO_STATUS",
                        "name": "View Drp Sto/po Status",
                        "__typename": "UserPermission"
                    },
                    {
                        "code": "VIEW_PERMISSION_GROUP",
                        "name": "View Permission Group.",
                        "__typename": "UserPermission"
                    },
                    {
                        "code": "VIEW_PRODUCTCLASS",
                        "name": "Can View Product Class",
                        "__typename": "UserPermission"
                    },
                    {
                        "code": "VIEW_PRODUCTMINMAX",
                        "name": "Can View Product Min Max",
                        "__typename": "UserPermission"
                    },
                    {
                        "code": "VIEW_PRODUCT_REPLACEMENT",
                        "name": "View Product Replacements",
                        "__typename": "UserPermission"
                    },
                    {
                        "code": "VIEW_SCG_SETTINGS",
                        "name": "View Scg Settings.",
                        "__typename": "UserPermission"
                    },
                    {
                        "code": "VIEW_STAFF",
                        "name": "View Staff.",
                        "__typename": "UserPermission"
                    },
                    {
                        "code": "VIEW_TARGET_ADJUSTMENT",
                        "name": "View Target Adjustments.",
                        "__typename": "UserPermission"
                    },
                    {
                        "code": "VIEW_TARGET_SET",
                        "name": "View Target Set.",
                        "__typename": "UserPermission"
                    },
                    {
                        "code": "VIEW_VMI_STOCK_AT_VENDOR",
                        "name": "View Vmi Stock At Vendor",
                        "__typename": "UserPermission"
                    }
                ],
                "permissionGroups": [
                    {
                        "permissions": [
                            {
                                "code": "APPROVE_TARGET_ADJUSTMENT",
                                "name": "Approve Target Adjustment",
                                "__typename": "Permission"
                            },
                            {
                                "code": "APPROVE_TARGET_SET",
                                "name": "Approve Target Set",
                                "__typename": "Permission"
                            },
                            {
                                "code": "CHANGE_PRODUCTCLASS",
                                "name": "Can Change Product Class",
                                "__typename": "Permission"
                            },
                            {
                                "code": "CHANGE_PRODUCTMINMAX",
                                "name": "Can Change Product Min Max",
                                "__typename": "Permission"
                            },
                            {
                                "code": "CHANGE_PRODUCT_REPLACEMENT",
                                "name": "Change Product Replacements",
                                "__typename": "Permission"
                            },
                            {
                                "code": "DELETE_PRODUCTCLASS",
                                "name": "Can Delete Product Class",
                                "__typename": "Permission"
                            },
                            {
                                "code": "DELETE_PRODUCTMINMAX",
                                "name": "Can Delete Product Min Max",
                                "__typename": "Permission"
                            },
                            {
                                "code": "DELETE_PRODUCT_REPLACEMENT",
                                "name": "Delete Product Replacements",
                                "__typename": "Permission"
                            },
                            {
                                "code": "EDIT_DRAFT_TARGET_ADJUSTMENT",
                                "name": "Edit Draft Target Adjustment",
                                "__typename": "Permission"
                            },
                            {
                                "code": "EDIT_DRAFT_TARGET_SET",
                                "name": "Edit Draft Target Set",
                                "__typename": "Permission"
                            },
                            {
                                "code": "EDIT_PERMISSION_GROUP",
                                "name": "Edit Permission Group.",
                                "__typename": "Permission"
                            },
                            {
                                "code": "EDIT_SCG_SETTINGS",
                                "name": "Edit Scg Settings.",
                                "__typename": "Permission"
                            },
                            {
                                "code": "EDIT_STAFF",
                                "name": "Edit Staff.",
                                "__typename": "Permission"
                            },
                            {
                                "code": "FINAL_APPROVE_TARGET_ADJUSTMENT",
                                "name": "Final Approve Target Adjustment",
                                "__typename": "Permission"
                            },
                            {
                                "code": "MAIN_MENU_CONFIGURATION",
                                "name": "Main Menu Configuration",
                                "__typename": "Permission"
                            },
                            {
                                "code": "MAIN_MENU_DRP",
                                "name": "Mainmenu Drp",
                                "__typename": "Permission"
                            },
                            {
                                "code": "MAIN_MENU_FORECAST",
                                "name": "Mainmenu Forecast",
                                "__typename": "Permission"
                            },
                            {
                                "code": "MAIN_MENU_VMI",
                                "name": "Mainmenu Vmi",
                                "__typename": "Permission"
                            },
                            {
                                "code": "MANAGE_ALL_CATEGORIES",
                                "name": "Manage All Categories.",
                                "__typename": "Permission"
                            },
                            {
                                "code": "MANAGE_ALL_CHANNELS",
                                "name": "Manage All Channels",
                                "__typename": "Permission"
                            },
                            {
                                "code": "MANAGE_ARTICLE_GROUPING",
                                "name": "Manage Article Grouping.",
                                "__typename": "Permission"
                            },
                            {
                                "code": "MANAGE_CHANNELS",
                                "name": "Manage Channels.",
                                "__typename": "Permission"
                            },
                            {
                                "code": "MANAGE_DRAFT_CHANNELS",
                                "name": "Manage Draft Channels.",
                                "__typename": "Permission"
                            },
                            {
                                "code": "MANAGE_FILTER_PREFERENCES",
                                "name": "Manage Filter Preferences.",
                                "__typename": "Permission"
                            },
                            {
                                "code": "MANAGE_IMPORT_FILES",
                                "name": "Manage Import Files.",
                                "__typename": "Permission"
                            },
                            {
                                "code": "MANAGE_ORDERS",
                                "name": "Manage Orders.",
                                "__typename": "Permission"
                            },
                            {
                                "code": "MANAGE_PRODUCT_ORDER_HISTORY",
                                "name": "Manage Product Order History.",
                                "__typename": "Permission"
                            },
                            {
                                "code": "MANAGE_PRODUCTS",
                                "name": "Manage Products.",
                                "__typename": "Permission"
                            },
                            {
                                "code": "MANAGE_PRODUCT_TYPES_AND_ATTRIBUTES",
                                "name": "Manage Product Types And Attributes.",
                                "__typename": "Permission"
                            },
                            {
                                "code": "MANAGE_PURCHASE_ORDERS",
                                "name": "Manage Purchase Orders.",
                                "__typename": "Permission"
                            },
                            {
                                "code": "MANAGE_STOCK_REPLENISHMENT",
                                "name": "View Stock Replenishment.",
                                "__typename": "Permission"
                            },
                            {
                                "code": "MANAGE_USERS",
                                "name": "Manage Customers.",
                                "__typename": "Permission"
                            },
                            {
                                "code": "SUBMIT_PRODUCTCLASS",
                                "name": "Submit Product Class",
                                "__typename": "Permission"
                            },
                            {
                                "code": "VIEW_DISPLAY_TARGET",
                                "name": "View Display Target.",
                                "__typename": "Permission"
                            },
                            {
                                "code": "VIEW_DRP_PRODUCT_STATUS",
                                "name": "View Drp Product Status",
                                "__typename": "Permission"
                            },
                            {
                                "code": "VIEW_DRP_REPORT",
                                "name": "View Drp Report",
                                "__typename": "Permission"
                            },
                            {
                                "code": "VIEW_DRP_STOCK_DC_RDC",
                                "name": "View Drp Stock Dc/drp",
                                "__typename": "Permission"
                            },
                            {
                                "code": "VIEW_DRP_STO_PO_STATUS",
                                "name": "View Drp Sto/po Status",
                                "__typename": "Permission"
                            },
                            {
                                "code": "VIEW_PERMISSION_GROUP",
                                "name": "View Permission Group.",
                                "__typename": "Permission"
                            },
                            {
                                "code": "VIEW_PRODUCTCLASS",
                                "name": "Can View Product Class",
                                "__typename": "Permission"
                            },
                            {
                                "code": "VIEW_PRODUCTMINMAX",
                                "name": "Can View Product Min Max",
                                "__typename": "Permission"
                            },
                            {
                                "code": "VIEW_PRODUCT_REPLACEMENT",
                                "name": "View Product Replacements",
                                "__typename": "Permission"
                            },
                            {
                                "code": "VIEW_SCG_SETTINGS",
                                "name": "View Scg Settings.",
                                "__typename": "Permission"
                            },
                            {
                                "code": "VIEW_STAFF",
                                "name": "View Staff.",
                                "__typename": "Permission"
                            },
                            {
                                "code": "VIEW_TARGET_ADJUSTMENT",
                                "name": "View Target Adjustments.",
                                "__typename": "Permission"
                            },
                            {
                                "code": "VIEW_TARGET_SET",
                                "name": "View Target Set.",
                                "__typename": "Permission"
                            },
                            {
                                "code": "VIEW_VMI_STOCK_AT_VENDOR",
                                "name": "View Vmi Stock At Vendor",
                                "__typename": "Permission"
                            }
                        ],
                        "__typename": "Group"
                    }
                ],
                "avatar": null,
                "__typename": "User"
            },
            "__typename": "CreateToken"
        }
    }
}</msg>
<msg timestamp="20220428 17:14:16.703" level="INFO">${respbody} = {'data': {'tokenCreate': {'errors': [], 'csrfToken': '9OROUlblqN1uwUlrANfjXyswHOOY411e5E7zJWtFAcvt8mYUVVQ83odbs9LEezAo', 'token': 'eyJ0eXAiOiJKV1QiLCJhbGciOiJIUzI1NiJ9.eyJpYXQiOjE2NTExNDA4NTYsIm93bmVy...</msg>
<status status="PASS" starttime="20220428 17:14:16.687" endtime="20220428 17:14:16.703"/>
</kw>
<kw name="Get Value From Json" library="JSONLibrary">
<var>${customer_token}</var>
<arg>${respbody}</arg>
<arg>$.data..token</arg>
<doc>Get Value From JSON using JSONPath</doc>
<msg timestamp="20220428 17:14:16.717" level="INFO">${customer_token} = ['eyJ0eXAiOiJKV1QiLCJhbGciOiJIUzI1NiJ9.eyJpYXQiOjE2NTExNDA4NTYsIm93bmVyIjoic2FsZW9yIiwiZXhwIjoxNjUxMTQxMTU2LCJ0b2tlbiI6IkZxZG5TZzNSVkNqYiIsImVtYWlsIjoiYXV0by5zdXBlcnVzZXIxQGdtYWlsLmNvbSIsInR5cGUiOiJhY...</msg>
<status status="PASS" starttime="20220428 17:14:16.703" endtime="20220428 17:14:16.717"/>
</kw>
<kw name="Set Variable" library="BuiltIn">
<var>${customer_token}</var>
<arg>${customer_token}[0]</arg>
<doc>Returns the given values which can then be assigned to a variables.</doc>
<msg timestamp="20220428 17:14:16.717" level="INFO">${customer_token} = eyJ0eXAiOiJKV1QiLCJhbGciOiJIUzI1NiJ9.eyJpYXQiOjE2NTExNDA4NTYsIm93bmVyIjoic2FsZW9yIiwiZXhwIjoxNjUxMTQxMTU2LCJ0b2tlbiI6IkZxZG5TZzNSVkNqYiIsImVtYWlsIjoiYXV0by5zdXBlcnVzZXIxQGdtYWlsLmNvbSIsInR5cGUiOiJhY2N...</msg>
<status status="PASS" starttime="20220428 17:14:16.717" endtime="20220428 17:14:16.718"/>
</kw>
<kw name="Set Test Variable" library="BuiltIn">
<arg>${customer_token}</arg>
<doc>Makes a variable available everywhere within the scope of the current test.</doc>
<msg timestamp="20220428 17:14:16.718" level="INFO">${customer_token} = eyJ0eXAiOiJKV1QiLCJhbGciOiJIUzI1NiJ9.eyJpYXQiOjE2NTExNDA4NTYsIm93bmVyIjoic2FsZW9yIiwiZXhwIjoxNjUxMTQxMTU2LCJ0b2tlbiI6IkZxZG5TZzNSVkNqYiIsImVtYWlsIjoiYXV0by5zdXBlcnVzZXIxQGdtYWlsLmNvbSIsInR5cGUiOiJhY2N...</msg>
<status status="PASS" starttime="20220428 17:14:16.718" endtime="20220428 17:14:16.718"/>
</kw>
<status status="PASS" starttime="20220428 17:14:16.174" endtime="20220428 17:14:16.718"/>
</kw>
<kw name="SCG suite setup" library="common">
<var>${Directory_download}</var>
<kw name="Open chrome browser" library="DobbyWebCommon">
<var>${directory_download}</var>
<arg>url=${url['link']}</arg>
<arg>with_download_dir=${TRUE}</arg>
<doc>Open chrome browser with so many option to customize.</doc>
<kw name="Evaluate" library="BuiltIn">
<var>${chrome_options}</var>
<arg>sys.modules['selenium.webdriver'].ChromeOptions()</arg>
<arg>sys, selenium.webdriver</arg>
<doc>Evaluates the given expression in Python and returns the result.</doc>
<msg timestamp="20220428 17:14:16.725" level="INFO">${chrome_options} = &lt;selenium.webdriver.chrome.options.Options object at 0x13474cfd0&gt;</msg>
<status status="PASS" starttime="20220428 17:14:16.724" endtime="20220428 17:14:16.725"/>
</kw>
<kw name="Call Method" library="BuiltIn">
<arg>${chrome_options}</arg>
<arg>add_argument</arg>
<arg>--disable-infobars</arg>
<doc>Calls the named method of the given object with the provided arguments.</doc>
<status status="PASS" starttime="20220428 17:14:16.725" endtime="20220428 17:14:16.725"/>
</kw>
<kw name="Call Method" library="BuiltIn">
<arg>${chrome_options}</arg>
<arg>add_argument</arg>
<arg>--window-size\=1920,1080</arg>
<doc>Calls the named method of the given object with the provided arguments.</doc>
<status status="PASS" starttime="20220428 17:14:16.725" endtime="20220428 17:14:16.725"/>
</kw>
<kw name="Call Method" library="BuiltIn">
<arg>${chrome_options}</arg>
<arg>add_argument</arg>
<arg>--disable-dev-shm-usage</arg>
<doc>Calls the named method of the given object with the provided arguments.</doc>
<status status="PASS" starttime="20220428 17:14:16.725" endtime="20220428 17:14:16.725"/>
</kw>
<kw name="Call Method" library="BuiltIn">
<arg>${chrome_options}</arg>
<arg>add_argument</arg>
<arg>--disable-gpu</arg>
<doc>Calls the named method of the given object with the provided arguments.</doc>
<status status="PASS" starttime="20220428 17:14:16.725" endtime="20220428 17:14:16.725"/>
</kw>
<kw name="Call Method" library="BuiltIn">
<arg>${chrome_options}</arg>
<arg>add_argument</arg>
<arg>--no-sandbox</arg>
<doc>Calls the named method of the given object with the provided arguments.</doc>
<status status="PASS" starttime="20220428 17:14:16.725" endtime="20220428 17:14:16.726"/>
</kw>
<if>
<branch type="IF" condition="'${extension_full_path}' != '${EMPTY}'">
<kw name="Call Method" library="BuiltIn">
<arg>${chrome_options}</arg>
<arg>add_extension</arg>
<arg>${extension_full_path}</arg>
<doc>Calls the named method of the given object with the provided arguments.</doc>
<status status="NOT RUN" starttime="20220428 17:14:16.727" endtime="20220428 17:14:16.727"/>
</kw>
<status status="NOT RUN" starttime="20220428 17:14:16.727" endtime="20220428 17:14:16.727"/>
</branch>
<status status="PASS" starttime="20220428 17:14:16.726" endtime="20220428 17:14:16.727"/>
</if>
<if>
<branch type="IF" condition="${headless}">
<kw name="Call Method" library="BuiltIn">
<arg>${chrome_options}</arg>
<arg>add_argument</arg>
<arg>--headless</arg>
<doc>Calls the named method of the given object with the provided arguments.</doc>
<status status="NOT RUN" starttime="20220428 17:14:16.727" endtime="20220428 17:14:16.727"/>
</kw>
<kw name="Call Method" library="BuiltIn">
<arg>${chrome_options}</arg>
<arg>add_argument</arg>
<arg>--window-size\=1920,1080</arg>
<doc>Calls the named method of the given object with the provided arguments.</doc>
<status status="NOT RUN" starttime="20220428 17:14:16.727" endtime="20220428 17:14:16.727"/>
</kw>
<status status="NOT RUN" starttime="20220428 17:14:16.727" endtime="20220428 17:14:16.727"/>
</branch>
<status status="PASS" starttime="20220428 17:14:16.727" endtime="20220428 17:14:16.727"/>
</if>
<if>
<branch type="IF" condition="${with_download_dir}">
<kw name="Get Time" library="BuiltIn">
<var>${current_time}</var>
<arg>epoch</arg>
<doc>Returns the given time in the requested format.</doc>
<msg timestamp="20220428 17:14:16.728" level="INFO">${current_time} = 1651140856</msg>
<status status="PASS" starttime="20220428 17:14:16.728" endtime="20220428 17:14:16.728"/>
</kw>
<kw name="Join Path" library="OperatingSystem">
<var>${download_directory}</var>
<arg>${OUTPUT_DIR}</arg>
<arg>downloads_${current_time}</arg>
<doc>Joins the given path part(s) to the given base path.</doc>
<msg timestamp="20220428 17:14:16.728" level="INFO">${download_directory} = /Users/nirawitthepsawade/Documents/GitHub/scgh-retail/log/downloads_1651140856</msg>
<status status="PASS" starttime="20220428 17:14:16.728" endtime="20220428 17:14:16.728"/>
</kw>
<kw name="Create Directory" library="OperatingSystem">
<arg>${download_directory}</arg>
<doc>Creates the specified directory.</doc>
<msg timestamp="20220428 17:14:16.729" level="INFO" html="true">Created directory '&lt;a href="file:///Users/nirawitthepsawade/Documents/GitHub/scgh-retail/log/downloads_1651140856"&gt;/Users/nirawitthepsawade/Documents/GitHub/scgh-retail/log/downloads_1651140856&lt;/a&gt;'.</msg>
<status status="PASS" starttime="20220428 17:14:16.728" endtime="20220428 17:14:16.729"/>
</kw>
<kw name="Wait Until Keyword Succeeds" library="BuiltIn">
<arg>5x</arg>
<arg>2s</arg>
<arg>OperatingSystem.Directory Should Exist</arg>
<arg>${download_directory}</arg>
<doc>Runs the specified keyword and retries if it fails.</doc>
<kw name="Directory Should Exist" library="OperatingSystem">
<arg>${download_directory}</arg>
<doc>Fails unless the given path points to an existing directory.</doc>
<msg timestamp="20220428 17:14:16.729" level="INFO" html="true">Directory '&lt;a href="file:///Users/nirawitthepsawade/Documents/GitHub/scgh-retail/log/downloads_1651140856"&gt;/Users/nirawitthepsawade/Documents/GitHub/scgh-retail/log/downloads_1651140856&lt;/a&gt;' exists.</msg>
<status status="PASS" starttime="20220428 17:14:16.729" endtime="20220428 17:14:16.729"/>
</kw>
<status status="PASS" starttime="20220428 17:14:16.729" endtime="20220428 17:14:16.729"/>
</kw>
<kw name="Create Dictionary" library="BuiltIn">
<var>${prefs}</var>
<arg>download.default_directory=${download_directory}</arg>
<doc>Creates and returns a dictionary based on the given ``items``.</doc>
<msg timestamp="20220428 17:14:16.730" level="INFO">${prefs} = {'download.default_directory': '/Users/nirawitthepsawade/Documents/GitHub/scgh-retail/log/downloads_1651140856'}</msg>
<status status="PASS" starttime="20220428 17:14:16.729" endtime="20220428 17:14:16.730"/>
</kw>
<kw name="Log To Console" library="BuiltIn">
<arg>file will be downloaded to ${download_directory}</arg>
<doc>Logs the given message to the console.</doc>
<status status="PASS" starttime="20220428 17:14:16.730" endtime="20220428 17:14:16.730"/>
</kw>
<kw name="Call Method" library="BuiltIn">
<arg>${chrome_options}</arg>
<arg>add_experimental_option</arg>
<arg>prefs</arg>
<arg>${prefs}</arg>
<doc>Calls the named method of the given object with the provided arguments.</doc>
<status status="PASS" starttime="20220428 17:14:16.730" endtime="20220428 17:14:16.730"/>
</kw>
<status status="PASS" starttime="20220428 17:14:16.728" endtime="20220428 17:14:16.730"/>
</branch>
<branch type="ELSE">
<kw name="Set Variable" library="BuiltIn">
<var>${download_directory}</var>
<arg>${EMPTY}</arg>
<doc>Returns the given values which can then be assigned to a variables.</doc>
<status status="NOT RUN" starttime="20220428 17:14:16.730" endtime="20220428 17:14:16.730"/>
</kw>
<status status="NOT RUN" starttime="20220428 17:14:16.730" endtime="20220428 17:14:16.730"/>
</branch>
<status status="PASS" starttime="20220428 17:14:16.728" endtime="20220428 17:14:16.730"/>
</if>
<if>
<branch type="IF" condition="${with_proxy}">
<kw name="Evaluate" library="BuiltIn">
<var>${random_proxy_port}</var>
<arg>random.sample(range(30000, 45000), 1)</arg>
<arg>random</arg>
<doc>Evaluates the given expression in Python and returns the result.</doc>
<status status="NOT RUN" starttime="20220428 17:14:16.731" endtime="20220428 17:14:16.731"/>
</kw>
<kw name="Create Dictionary" library="BuiltIn">
<var>&amp;{proxt_port}</var>
<arg>port=${random_proxy_port}[0]</arg>
<doc>Creates and returns a dictionary based on the given ``items``.</doc>
<status status="NOT RUN" starttime="20220428 17:14:16.731" endtime="20220428 17:14:16.731"/>
</kw>
<kw name="Start Local Server" library="BrowserMobProxyLibrary">
<arg>${path_to_browsermob_proxy}</arg>
<doc>Start local Browsermob Proxy Server instance</doc>
<status status="NOT RUN" starttime="20220428 17:14:16.731" endtime="20220428 17:14:16.731"/>
</kw>
<kw name="Create Proxy" library="BrowserMobProxyLibrary">
<arg>${proxt_port}</arg>
<doc>Creates proxy.</doc>
<status status="NOT RUN" starttime="20220428 17:14:16.731" endtime="20220428 17:14:16.731"/>
</kw>
<kw name="Call Method" library="BuiltIn">
<arg>${chrome_options}</arg>
<arg>add_argument</arg>
<arg>--proxy-server\=127.0.0.1:${random_proxy_port}[0]</arg>
<doc>Calls the named method of the given object with the provided arguments.</doc>
<status status="NOT RUN" starttime="20220428 17:14:16.731" endtime="20220428 17:14:16.731"/>
</kw>
<kw name="Call Method" library="BuiltIn">
<arg>${chrome_options}</arg>
<arg>add_argument</arg>
<arg>ignore-certificate-errors</arg>
<doc>Calls the named method of the given object with the provided arguments.</doc>
<status status="NOT RUN" starttime="20220428 17:14:16.731" endtime="20220428 17:14:16.731"/>
</kw>
<status status="NOT RUN" starttime="20220428 17:14:16.730" endtime="20220428 17:14:16.731"/>
</branch>
<status status="PASS" starttime="20220428 17:14:16.730" endtime="20220428 17:14:16.731"/>
</if>
<if>
<branch type="IF" condition="${with_save_pdf}">
<kw name="Get Time" library="BuiltIn">
<var>${current_time}</var>
<arg>epoch</arg>
<doc>Returns the given time in the requested format.</doc>
<status status="NOT RUN" starttime="20220428 17:14:16.731" endtime="20220428 17:14:16.732"/>
</kw>
<kw name="Join Path" library="OperatingSystem">
<var>${download_directory}</var>
<arg>${OUTPUT_DIR}</arg>
<arg>downloads_${current_time}</arg>
<doc>Joins the given path part(s) to the given base path.</doc>
<status status="NOT RUN" starttime="20220428 17:14:16.732" endtime="20220428 17:14:16.732"/>
</kw>
<kw name="Create Directory" library="OperatingSystem">
<arg>${download_directory}</arg>
<doc>Creates the specified directory.</doc>
<status status="NOT RUN" starttime="20220428 17:14:16.732" endtime="20220428 17:14:16.732"/>
</kw>
<kw name="Wait Until Keyword Succeeds" library="BuiltIn">
<arg>5x</arg>
<arg>2s</arg>
<arg>OperatingSystem.Directory Should Exist</arg>
<arg>${download_directory}</arg>
<doc>Runs the specified keyword and retries if it fails.</doc>
<status status="NOT RUN" starttime="20220428 17:14:16.732" endtime="20220428 17:14:16.732"/>
</kw>
<kw name="Convert String to JSON" library="JSONLibrary">
<var>${json}</var>
<arg>{ "appState": { "recentDestinations": [{"id": "Save as PDF","origin": "local","account":""}],"selectedDestinationId": "Save as PDF","version": ${2}}}</arg>
<doc>Convert String to JSON object</doc>
<status status="NOT RUN" starttime="20220428 17:14:16.732" endtime="20220428 17:14:16.732"/>
</kw>
<kw name="Create Dictionary" library="BuiltIn">
<var>${prefs}</var>
<arg>savefile.default_directory=${download_directory}</arg>
<arg>download.default_directory=${download_directory}</arg>
<arg>download.prompt_for_download=${FALSE}</arg>
<arg>directory_upgrade=${TRUE}</arg>
<arg>plugins.plugins_disabled=Chrome PDF Viewer</arg>
<arg>printing.print_preview_sticky_settings=${json}</arg>
<arg>plugins.always_open_pdf_externally=${TRUE}</arg>
<arg>download.extensions_to_open=applications/pdf</arg>
<doc>Creates and returns a dictionary based on the given ``items``.</doc>
<status status="NOT RUN" starttime="20220428 17:14:16.732" endtime="20220428 17:14:16.732"/>
</kw>
<kw name="Call Method" library="BuiltIn">
<arg>${chrome_options}</arg>
<arg>add_argument</arg>
<arg>--kiosk-printing</arg>
<doc>Calls the named method of the given object with the provided arguments.</doc>
<status status="NOT RUN" starttime="20220428 17:14:16.732" endtime="20220428 17:14:16.732"/>
</kw>
<kw name="Call Method" library="BuiltIn">
<arg>${chrome_options}</arg>
<arg>add_argument</arg>
<arg>--disable-print-preview</arg>
<doc>Calls the named method of the given object with the provided arguments.</doc>
<status status="NOT RUN" starttime="20220428 17:14:16.732" endtime="20220428 17:14:16.732"/>
</kw>
<kw name="Call Method" library="BuiltIn">
<arg>${chrome_options}</arg>
<arg>add_experimental_option</arg>
<arg>prefs</arg>
<arg>${prefs}</arg>
<doc>Calls the named method of the given object with the provided arguments.</doc>
<status status="NOT RUN" starttime="20220428 17:14:16.733" endtime="20220428 17:14:16.733"/>
</kw>
<status status="NOT RUN" starttime="20220428 17:14:16.731" endtime="20220428 17:14:16.733"/>
</branch>
<status status="PASS" starttime="20220428 17:14:16.731" endtime="20220428 17:14:16.733"/>
</if>
<if>
<branch type="IF" condition="'${browser_mode}' == 'mobile'">
<kw name="Create Dictionary" library="BuiltIn">
<var>${mobile_emulation}</var>
<arg>deviceName=iPhone X</arg>
<doc>Creates and returns a dictionary based on the given ``items``.</doc>
<status status="NOT RUN" starttime="20220428 17:14:16.733" endtime="20220428 17:14:16.733"/>
</kw>
<kw name="Call Method" library="BuiltIn">
<arg>${chrome_options}</arg>
<arg>add_experimental_option</arg>
<arg>mobileEmulation</arg>
<arg>${mobile_emulation}</arg>
<doc>Calls the named method of the given object with the provided arguments.</doc>
<status status="NOT RUN" starttime="20220428 17:14:16.733" endtime="20220428 17:14:16.733"/>
</kw>
<status status="NOT RUN" starttime="20220428 17:14:16.733" endtime="20220428 17:14:16.733"/>
</branch>
<status status="PASS" starttime="20220428 17:14:16.733" endtime="20220428 17:14:16.733"/>
</if>
<kw name="Create Webdriver" library="SeleniumLibrary">
<arg>Chrome</arg>
<arg>chrome_options=${chrome_options}</arg>
<doc>Creates an instance of Selenium WebDriver.</doc>
<msg timestamp="20220428 17:14:16.733" level="INFO">Creating an instance of the Chrome WebDriver.</msg>
<status status="PASS" starttime="20220428 17:14:16.733" endtime="20220428 17:14:19.830"/>
</kw>
<kw name="Go To" library="SeleniumLibrary">
<arg>${url}</arg>
<doc>Navigates the current browser window to the provided ``url``.</doc>
<msg timestamp="20220428 17:14:19.842" level="INFO">Opening url 'https://scgh-ifrs-uat.scg-wedo.tech/'</msg>
<status status="PASS" starttime="20220428 17:14:19.830" endtime="20220428 17:14:21.288"/>
</kw>
<if>
<branch type="IF" condition="'${browser_mode}' == 'desktop'">
<kw name="Maximize Browser Window" library="SeleniumLibrary">
<doc>Maximizes current browser window.</doc>
<status status="PASS" starttime="20220428 17:14:21.289" endtime="20220428 17:14:21.394"/>
</kw>
<status status="PASS" starttime="20220428 17:14:21.289" endtime="20220428 17:14:21.394"/>
</branch>
<status status="PASS" starttime="20220428 17:14:21.289" endtime="20220428 17:14:21.394"/>
</if>
<msg timestamp="20220428 17:14:21.395" level="INFO">${directory_download} = /Users/nirawitthepsawade/Documents/GitHub/scgh-retail/log/downloads_1651140856</msg>
<status status="PASS" starttime="20220428 17:14:16.721" endtime="20220428 17:14:21.395"/>
</kw>
<kw name="Set Selenium Timeout" library="SeleniumLibrary">
<arg>${global_timeout}</arg>
<doc>Sets the timeout that is used by various keywords.</doc>
<status status="PASS" starttime="20220428 17:14:21.395" endtime="20220428 17:14:21.396"/>
</kw>
<kw name="Maximize Browser Window" library="SeleniumLibrary">
<doc>Maximizes current browser window.</doc>
<status status="PASS" starttime="20220428 17:14:21.396" endtime="20220428 17:14:21.500"/>
</kw>
<kw name="Set Library Search Order" library="BuiltIn">
<arg>SeleniumLibrary</arg>
<arg>AppiumLibrary</arg>
<arg>DobbyWebCommon</arg>
<arg>DobbyCommon</arg>
<doc>Sets the resolution order to use when a name matches multiple keywords.</doc>
<status status="PASS" starttime="20220428 17:14:21.500" endtime="20220428 17:14:21.500"/>
</kw>
<msg timestamp="20220428 17:14:21.500" level="INFO">${Directory_download} = /Users/nirawitthepsawade/Documents/GitHub/scgh-retail/log/downloads_1651140856</msg>
<status status="PASS" starttime="20220428 17:14:16.718" endtime="20220428 17:14:21.500"/>
</kw>
<kw name="User login via email and password" library="login_feature">
<arg>${account['superuser']['acc_02']['username']}</arg>
<arg>${account['superuser']['acc_02']['password']}</arg>
<kw name="Input email login" library="login_page">
<arg>${email}</arg>
<kw name="Input text to element when ready" library="DobbyWebCommon">
<arg>${loginpage.txt_username}</arg>
<arg>${emaillogin}</arg>
<doc>Wait for element to be visible first before input text. Retry 4 times</doc>
<kw name="Wait Until Element Is Visible" library="SeleniumLibrary">
<arg>${locator}</arg>
<arg>${timeout}</arg>
<doc>Waits until the element ``locator`` is visible.</doc>
<status status="PASS" starttime="20220428 17:14:21.504" endtime="20220428 17:14:21.519"/>
</kw>
<kw name="Wait Until Element Is Enabled" library="SeleniumLibrary">
<arg>${locator}</arg>
<arg>${timeout}</arg>
<doc>Waits until the element ``locator`` is enabled.</doc>
<status status="PASS" starttime="20220428 17:14:21.519" endtime="20220428 17:14:21.528"/>
</kw>
<for flavor="IN RANGE">
<var>${index}</var>
<value>1</value>
<value>4</value>
<iter>
<var name="${index}">1</var>
<kw name="Run Keyword And Ignore Error" library="BuiltIn">
<var>${result_msg}</var>
<arg>SeleniumLibrary.Input Text</arg>
<arg>${locator}</arg>
<arg>${text}</arg>
<arg>clear=${clear}</arg>
<doc>Runs the given keyword with the given arguments and ignores possible error.</doc>
<kw name="Input Text" library="SeleniumLibrary">
<arg>${locator}</arg>
<arg>${text}</arg>
<arg>clear=${clear}</arg>
<doc>Types the given ``text`` into the text field identified by ``locator``.</doc>
<msg timestamp="20220428 17:14:21.529" level="INFO">Typing text 'auto.superuser1@gmail.com' into text field 'id=outlined-adornment-email'.</msg>
<status status="PASS" starttime="20220428 17:14:21.529" endtime="20220428 17:14:21.664"/>
</kw>
<msg timestamp="20220428 17:14:21.664" level="INFO">${result_msg} = ('PASS', None)</msg>
<status status="PASS" starttime="20220428 17:14:21.529" endtime="20220428 17:14:21.664"/>
</kw>
<kw name="Convert To String" library="BuiltIn">
<var>${err_msg}</var>
<arg>${result_msg[1]}</arg>
<doc>Converts the given item to a Unicode string.</doc>
<msg timestamp="20220428 17:14:21.665" level="INFO">${err_msg} = None</msg>
<status status="PASS" starttime="20220428 17:14:21.664" endtime="20220428 17:14:21.665"/>
</kw>
<kw name="Run Keyword And Return Status" library="BuiltIn">
<var>${is_success}</var>
<arg>Should Be Equal</arg>
<arg>${err_msg}</arg>
<arg>None</arg>
<doc>Runs the given keyword with given arguments and returns the status as a Boolean value.</doc>
<kw name="Should Be Equal" library="BuiltIn">
<arg>${err_msg}</arg>
<arg>None</arg>
<doc>Fails if the given objects are unequal.</doc>
<status status="PASS" starttime="20220428 17:14:21.665" endtime="20220428 17:14:21.666"/>
</kw>
<msg timestamp="20220428 17:14:21.666" level="INFO">${is_success} = True</msg>
<status status="PASS" starttime="20220428 17:14:21.665" endtime="20220428 17:14:21.666"/>
</kw>
<kw name="Run Keyword And Return Status" library="BuiltIn">
<var>${is_not_loading_error}</var>
<arg>Should Not Contain</arg>
<arg>${err_msg}</arg>
<arg>invalid element state</arg>
<doc>Runs the given keyword with given arguments and returns the status as a Boolean value.</doc>
<kw name="Should Not Contain" library="BuiltIn">
<arg>${err_msg}</arg>
<arg>invalid element state</arg>
<doc>Fails if ``container`` contains ``item`` one or more times.</doc>
<status status="PASS" starttime="20220428 17:14:21.666" endtime="20220428 17:14:21.666"/>
</kw>
<msg timestamp="20220428 17:14:21.666" level="INFO">${is_not_loading_error} = True</msg>
<status status="PASS" starttime="20220428 17:14:21.666" endtime="20220428 17:14:21.666"/>
</kw>
<kw name="Exit For Loop If" library="BuiltIn">
<arg>${is_success} or ${is_not_loading_error}</arg>
<doc>Stops executing the enclosing FOR loop if the ``condition`` is true.</doc>
<msg timestamp="20220428 17:14:21.666" level="INFO">Exiting for loop altogether.</msg>
<status status="PASS" starttime="20220428 17:14:21.666" endtime="20220428 17:14:21.667"/>
</kw>
<status status="PASS" starttime="20220428 17:14:21.528" endtime="20220428 17:14:21.667"/>
</iter>
<status status="PASS" starttime="20220428 17:14:21.528" endtime="20220428 17:14:21.667"/>
</for>
<kw name="Should Be True" library="BuiltIn">
<arg>${is_success}</arg>
<arg>msg=Unable to input text to element after 4 retry</arg>
<doc>Fails if the given condition is not true.</doc>
<status status="PASS" starttime="20220428 17:14:21.667" endtime="20220428 17:14:21.667"/>
</kw>
<status status="PASS" starttime="20220428 17:14:21.504" endtime="20220428 17:14:21.667"/>
</kw>
<status status="PASS" starttime="20220428 17:14:21.504" endtime="20220428 17:14:21.667"/>
</kw>
<kw name="Input password login" library="login_page">
<arg>${password}</arg>
<kw name="Input text to element when ready" library="DobbyWebCommon">
<arg>${loginpage.txt_password}</arg>
<arg>${passwordlogin}</arg>
<doc>Wait for element to be visible first before input text. Retry 4 times</doc>
<kw name="Wait Until Element Is Visible" library="SeleniumLibrary">
<arg>${locator}</arg>
<arg>${timeout}</arg>
<doc>Waits until the element ``locator`` is visible.</doc>
<status status="PASS" starttime="20220428 17:14:21.668" endtime="20220428 17:14:21.679"/>
</kw>
<kw name="Wait Until Element Is Enabled" library="SeleniumLibrary">
<arg>${locator}</arg>
<arg>${timeout}</arg>
<doc>Waits until the element ``locator`` is enabled.</doc>
<status status="PASS" starttime="20220428 17:14:21.679" endtime="20220428 17:14:21.687"/>
</kw>
<for flavor="IN RANGE">
<var>${index}</var>
<value>1</value>
<value>4</value>
<iter>
<var name="${index}">1</var>
<kw name="Run Keyword And Ignore Error" library="BuiltIn">
<var>${result_msg}</var>
<arg>SeleniumLibrary.Input Text</arg>
<arg>${locator}</arg>
<arg>${text}</arg>
<arg>clear=${clear}</arg>
<doc>Runs the given keyword with the given arguments and ignores possible error.</doc>
<kw name="Input Text" library="SeleniumLibrary">
<arg>${locator}</arg>
<arg>${text}</arg>
<arg>clear=${clear}</arg>
<doc>Types the given ``text`` into the text field identified by ``locator``.</doc>
<msg timestamp="20220428 17:14:21.691" level="INFO">Typing text 'Pas@1234' into text field 'id=outlined-adornment-password'.</msg>
<status status="PASS" starttime="20220428 17:14:21.688" endtime="20220428 17:14:21.734"/>
</kw>
<msg timestamp="20220428 17:14:21.734" level="INFO">${result_msg} = ('PASS', None)</msg>
<status status="PASS" starttime="20220428 17:14:21.688" endtime="20220428 17:14:21.734"/>
</kw>
<kw name="Convert To String" library="BuiltIn">
<var>${err_msg}</var>
<arg>${result_msg[1]}</arg>
<doc>Converts the given item to a Unicode string.</doc>
<msg timestamp="20220428 17:14:21.735" level="INFO">${err_msg} = None</msg>
<status status="PASS" starttime="20220428 17:14:21.734" endtime="20220428 17:14:21.735"/>
</kw>
<kw name="Run Keyword And Return Status" library="BuiltIn">
<var>${is_success}</var>
<arg>Should Be Equal</arg>
<arg>${err_msg}</arg>
<arg>None</arg>
<doc>Runs the given keyword with given arguments and returns the status as a Boolean value.</doc>
<kw name="Should Be Equal" library="BuiltIn">
<arg>${err_msg}</arg>
<arg>None</arg>
<doc>Fails if the given objects are unequal.</doc>
<status status="PASS" starttime="20220428 17:14:21.736" endtime="20220428 17:14:21.736"/>
</kw>
<msg timestamp="20220428 17:14:21.736" level="INFO">${is_success} = True</msg>
<status status="PASS" starttime="20220428 17:14:21.736" endtime="20220428 17:14:21.736"/>
</kw>
<kw name="Run Keyword And Return Status" library="BuiltIn">
<var>${is_not_loading_error}</var>
<arg>Should Not Contain</arg>
<arg>${err_msg}</arg>
<arg>invalid element state</arg>
<doc>Runs the given keyword with given arguments and returns the status as a Boolean value.</doc>
<kw name="Should Not Contain" library="BuiltIn">
<arg>${err_msg}</arg>
<arg>invalid element state</arg>
<doc>Fails if ``container`` contains ``item`` one or more times.</doc>
<status status="PASS" starttime="20220428 17:14:21.736" endtime="20220428 17:14:21.736"/>
</kw>
<msg timestamp="20220428 17:14:21.736" level="INFO">${is_not_loading_error} = True</msg>
<status status="PASS" starttime="20220428 17:14:21.736" endtime="20220428 17:14:21.736"/>
</kw>
<kw name="Exit For Loop If" library="BuiltIn">
<arg>${is_success} or ${is_not_loading_error}</arg>
<doc>Stops executing the enclosing FOR loop if the ``condition`` is true.</doc>
<msg timestamp="20220428 17:14:21.737" level="INFO">Exiting for loop altogether.</msg>
<status status="PASS" starttime="20220428 17:14:21.737" endtime="20220428 17:14:21.737"/>
</kw>
<status status="PASS" starttime="20220428 17:14:21.688" endtime="20220428 17:14:21.737"/>
</iter>
<status status="PASS" starttime="20220428 17:14:21.687" endtime="20220428 17:14:21.737"/>
</for>
<kw name="Should Be True" library="BuiltIn">
<arg>${is_success}</arg>
<arg>msg=Unable to input text to element after 4 retry</arg>
<doc>Fails if the given condition is not true.</doc>
<status status="PASS" starttime="20220428 17:14:21.737" endtime="20220428 17:14:21.737"/>
</kw>
<status status="PASS" starttime="20220428 17:14:21.667" endtime="20220428 17:14:21.737"/>
</kw>
<status status="PASS" starttime="20220428 17:14:21.667" endtime="20220428 17:14:21.737"/>
</kw>
<kw name="Click login button" library="login_page">
<kw name="Click element when ready" library="DobbyWebCommon">
<arg>${loginpage.btn_login}</arg>
<doc>Keyword to wait for element to be visible before clicking.</doc>
<for flavor="IN RANGE">
<var>${i}</var>
<value>1</value>
<value>${retry}</value>
<iter>
<var name="${i}">1</var>
<if>
<branch type="IF" condition="${only_contains}">
<kw name="Wait Until Page Contains Element" library="SeleniumLibrary">
<arg>${locator}</arg>
<arg>${timeout}</arg>
<doc>Waits until the element ``locator`` appears on the current page.</doc>
<status status="NOT RUN" starttime="20220428 17:14:21.738" endtime="20220428 17:14:21.738"/>
</kw>
<status status="NOT RUN" starttime="20220428 17:14:21.738" endtime="20220428 17:14:21.738"/>
</branch>
<branch type="ELSE">
<kw name="Wait Until Element Is Enabled" library="SeleniumLibrary">
<arg>${locator}</arg>
<arg>${timeout}</arg>
<doc>Waits until the element ``locator`` is enabled.</doc>
<status status="PASS" starttime="20220428 17:14:21.738" endtime="20220428 17:14:21.750"/>
</kw>
<kw name="Wait Until Element Is Visible" library="SeleniumLibrary">
<arg>${locator}</arg>
<arg>${timeout}</arg>
<doc>Waits until the element ``locator`` is visible.</doc>
<status status="PASS" starttime="20220428 17:14:21.750" endtime="20220428 17:14:21.757"/>
</kw>
<status status="PASS" starttime="20220428 17:14:21.738" endtime="20220428 17:14:21.757"/>
</branch>
<status status="PASS" starttime="20220428 17:14:21.738" endtime="20220428 17:14:21.757"/>
</if>
<kw name="Run Keyword And Ignore Error" library="BuiltIn">
<var>${is_success}</var>
<arg>SeleniumLibrary.Click element</arg>
<arg>${locator}</arg>
<doc>Runs the given keyword with the given arguments and ignores possible error.</doc>
<kw name="Click Element" library="SeleniumLibrary">
<arg>${locator}</arg>
<doc>Click the element identified by ``locator``.</doc>
<msg timestamp="20220428 17:14:21.758" level="INFO">Clicking element 'xpath=//button[@data-test="submit"]'.</msg>
<status status="PASS" starttime="20220428 17:14:21.757" endtime="20220428 17:14:21.785"/>
</kw>
<msg timestamp="20220428 17:14:21.785" level="INFO">${is_success} = ('PASS', None)</msg>
<status status="PASS" starttime="20220428 17:14:21.757" endtime="20220428 17:14:21.785"/>
</kw>
<kw name="Convert To String" library="BuiltIn">
<var>${err_msg}</var>
<arg>${is_success[1]}</arg>
<doc>Converts the given item to a Unicode string.</doc>
<msg timestamp="20220428 17:14:21.787" level="INFO">${err_msg} = None</msg>
<status status="PASS" starttime="20220428 17:14:21.786" endtime="20220428 17:14:21.787"/>
</kw>
<kw name="Run Keyword And Return Status" library="BuiltIn">
<var>${is_obsecure}</var>
<arg>Should not contain</arg>
<arg>${err_msg}</arg>
<arg>Other element would receive the click</arg>
<doc>Runs the given keyword with given arguments and returns the status as a Boolean value.</doc>
<kw name="Should Not Contain" library="BuiltIn">
<arg>${err_msg}</arg>
<arg>Other element would receive the click</arg>
<doc>Fails if ``container`` contains ``item`` one or more times.</doc>
<status status="PASS" starttime="20220428 17:14:21.787" endtime="20220428 17:14:21.787"/>
</kw>
<msg timestamp="20220428 17:14:21.787" level="INFO">${is_obsecure} = True</msg>
<status status="PASS" starttime="20220428 17:14:21.787" endtime="20220428 17:14:21.787"/>
</kw>
<kw name="Run Keyword And Return Status" library="BuiltIn">
<var>${is_not_stale}</var>
<arg>Should not contain</arg>
<arg>${err_msg}</arg>
<arg>element is not attached to the page document</arg>
<doc>Runs the given keyword with given arguments and returns the status as a Boolean value.</doc>
<kw name="Should Not Contain" library="BuiltIn">
<arg>${err_msg}</arg>
<arg>element is not attached to the page document</arg>
<doc>Fails if ``container`` contains ``item`` one or more times.</doc>
<status status="PASS" starttime="20220428 17:14:21.787" endtime="20220428 17:14:21.787"/>
</kw>
<msg timestamp="20220428 17:14:21.787" level="INFO">${is_not_stale} = True</msg>
<status status="PASS" starttime="20220428 17:14:21.787" endtime="20220428 17:14:21.787"/>
</kw>
<kw name="Run Keyword And Return Status" library="BuiltIn">
<var>${is_no_err}</var>
<arg>Should be true</arg>
<arg>'${err_msg}' == '${NONE}'</arg>
<doc>Runs the given keyword with given arguments and returns the status as a Boolean value.</doc>
<kw name="Should Be True" library="BuiltIn">
<arg>'${err_msg}' == '${NONE}'</arg>
<doc>Fails if the given condition is not true.</doc>
<status status="PASS" starttime="20220428 17:14:21.788" endtime="20220428 17:14:21.788"/>
</kw>
<msg timestamp="20220428 17:14:21.788" level="INFO">${is_no_err} = True</msg>
<status status="PASS" starttime="20220428 17:14:21.788" endtime="20220428 17:14:21.788"/>
</kw>
<kw name="Evaluate" library="BuiltIn">
<var>${result}</var>
<arg>${is_success} and ${is_obsecure} and ${is_obsecure} and ${is_not_stale} and ${is_no_err}</arg>
<doc>Evaluates the given expression in Python and returns the result.</doc>
<msg timestamp="20220428 17:14:21.788" level="INFO">${result} = True</msg>
<status status="PASS" starttime="20220428 17:14:21.788" endtime="20220428 17:14:21.788"/>
</kw>
<kw name="Exit For Loop If" library="BuiltIn">
<arg>${result}</arg>
<doc>Stops executing the enclosing FOR loop if the ``condition`` is true.</doc>
<msg timestamp="20220428 17:14:21.788" level="INFO">Exiting for loop altogether.</msg>
<status status="PASS" starttime="20220428 17:14:21.788" endtime="20220428 17:14:21.789"/>
</kw>
<kw name="Log" library="BuiltIn">
<arg>'retry clicking element for ${i} time with error: ${err_msg}'</arg>
<arg>level=WARN</arg>
<doc>Logs the given message with the given level.</doc>
<status status="NOT RUN" starttime="20220428 17:14:21.789" endtime="20220428 17:14:21.789"/>
</kw>
<status status="PASS" starttime="20220428 17:14:21.738" endtime="20220428 17:14:21.789"/>
</iter>
<status status="PASS" starttime="20220428 17:14:21.738" endtime="20220428 17:14:21.789"/>
</for>
<kw name="Should Be True" library="BuiltIn">
<arg>${result}</arg>
<arg>msg="Failed to click element after ${retry} retry"</arg>
<doc>Fails if the given condition is not true.</doc>
<status status="PASS" starttime="20220428 17:14:21.789" endtime="20220428 17:14:21.789"/>
</kw>
<status status="PASS" starttime="20220428 17:14:21.738" endtime="20220428 17:14:21.789"/>
</kw>
<status status="PASS" starttime="20220428 17:14:21.737" endtime="20220428 17:14:21.789"/>
</kw>
<status status="PASS" starttime="20220428 17:14:21.501" endtime="20220428 17:14:21.789"/>
</kw>
<kw name="User select AI feature" library="main_page">
<kw name="Click element when ready" library="DobbyWebCommon">
<arg>${mainpage.btn_AI}</arg>
<doc>Keyword to wait for element to be visible before clicking.</doc>
<for flavor="IN RANGE">
<var>${i}</var>
<value>1</value>
<value>${retry}</value>
<iter>
<var name="${i}">1</var>
<if>
<branch type="IF" condition="${only_contains}">
<kw name="Wait Until Page Contains Element" library="SeleniumLibrary">
<arg>${locator}</arg>
<arg>${timeout}</arg>
<doc>Waits until the element ``locator`` appears on the current page.</doc>
<status status="NOT RUN" starttime="20220428 17:14:21.790" endtime="20220428 17:14:21.790"/>
</kw>
<status status="NOT RUN" starttime="20220428 17:14:21.790" endtime="20220428 17:14:21.790"/>
</branch>
<branch type="ELSE">
<kw name="Wait Until Element Is Enabled" library="SeleniumLibrary">
<arg>${locator}</arg>
<arg>${timeout}</arg>
<doc>Waits until the element ``locator`` is enabled.</doc>
<status status="PASS" starttime="20220428 17:14:21.790" endtime="20220428 17:14:22.432"/>
</kw>
<kw name="Wait Until Element Is Visible" library="SeleniumLibrary">
<arg>${locator}</arg>
<arg>${timeout}</arg>
<doc>Waits until the element ``locator`` is visible.</doc>
<status status="PASS" starttime="20220428 17:14:22.432" endtime="20220428 17:14:22.441"/>
</kw>
<status status="PASS" starttime="20220428 17:14:21.790" endtime="20220428 17:14:22.441"/>
</branch>
<status status="PASS" starttime="20220428 17:14:21.790" endtime="20220428 17:14:22.441"/>
</if>
<kw name="Run Keyword And Ignore Error" library="BuiltIn">
<var>${is_success}</var>
<arg>SeleniumLibrary.Click element</arg>
<arg>${locator}</arg>
<doc>Runs the given keyword with the given arguments and ignores possible error.</doc>
<kw name="Click Element" library="SeleniumLibrary">
<arg>${locator}</arg>
<doc>Click the element identified by ``locator``.</doc>
<msg timestamp="20220428 17:14:22.441" level="INFO">Clicking element 'xpath=//h5[text()="AI"]/parent::div//following-sibling::div//button'.</msg>
<status status="PASS" starttime="20220428 17:14:22.441" endtime="20220428 17:14:22.548"/>
</kw>
<msg timestamp="20220428 17:14:22.549" level="INFO">${is_success} = ('PASS', None)</msg>
<status status="PASS" starttime="20220428 17:14:22.441" endtime="20220428 17:14:22.549"/>
</kw>
<kw name="Convert To String" library="BuiltIn">
<var>${err_msg}</var>
<arg>${is_success[1]}</arg>
<doc>Converts the given item to a Unicode string.</doc>
<msg timestamp="20220428 17:14:22.550" level="INFO">${err_msg} = None</msg>
<status status="PASS" starttime="20220428 17:14:22.549" endtime="20220428 17:14:22.550"/>
</kw>
<kw name="Run Keyword And Return Status" library="BuiltIn">
<var>${is_obsecure}</var>
<arg>Should not contain</arg>
<arg>${err_msg}</arg>
<arg>Other element would receive the click</arg>
<doc>Runs the given keyword with given arguments and returns the status as a Boolean value.</doc>
[...]
                        },
                        "title": "Start preparing export data!",
                        "content": "We've received your request to export Channels, your request ID is RXhwb3J0RmlsZTo2NzA1.",
                        "read": false,
                        "createdAt": "2022-04-28T10:04:55.963575+00:00",
                        "url": null,
                        "__typename": "StaffNotification"
                    },
                    "__typename": "StaffNotificationCountableEdge"
                },
                {
                    "node": {
                        "id": "U3RhZmZOb3RpZmljYXRpb246MjE2ODc1",
                        "user": {
                            "id": "VXNlcjoxNTQ4",
                            "email": "auto.superuser1@gmail.com",
                            "__typename": "User"
                        },
                        "title": "Export request succeeded!",
                        "content": "Your export file for Export channels with ID RXhwb3J0RmlsZTo2NzA0 is ready to download.",
                        "read": false,
                        "createdAt": "2022-04-28T10:04:47.686851+00:00",
                        "url": "https://scgh-ifrs-uat-web.s3.amazonaws.com/export_files/channel_data_28_04_2022_10_04_47_a78324.csv",
                        "__typename": "StaffNotification"
                    },
                    "__typename": "StaffNotificationCountableEdge"
                },
                {
                    "node": {
                        "id": "U3RhZmZOb3RpZmljYXRpb246MjE2ODc0",
                        "user": {
                            "id": "VXNlcjoxNTQ4",
                            "email": "auto.superuser1@gmail.com",
                            "__typename": "User"
                        },
                        "title": "Start preparing export data!",
                        "content": "We've received your request to export Export channels, your request ID is RXhwb3J0RmlsZTo2NzA0.",
                        "read": false,
                        "createdAt": "2022-04-28T10:04:46.879737+00:00",
                        "url": null,
                        "__typename": "StaffNotification"
                    },
                    "__typename": "StaffNotificationCountableEdge"
                },
                {
                    "node": {
                        "id": "U3RhZmZOb3RpZmljYXRpb246MjE2ODcz",
                        "user": {
                            "id": "VXNlcjoxNTQ4",
                            "email": "auto.superuser1@gmail.com",
                            "__typename": "User"
                        },
                        "title": "Import request failed!",
                        "content": "Sorry, your import file for import draft channels with ID RmlsZUltcG9ydDo5MjYy could not be completed, some unexpected errors occurred. 1 item is invalid. Please try again.",
                        "read": false,
                        "createdAt": "2022-04-28T10:04:46.599063+00:00",
                        "url": "https://scgh-ifrs-uat.scg-wedo.tech/configuration/main",
                        "__typename": "StaffNotification"
                    },
                    "__typename": "StaffNotificationCountableEdge"
                },
                {
                    "node": {
                        "id": "U3RhZmZOb3RpZmljYXRpb246MjE2ODcy",
                        "user": {
                            "id": "VXNlcjoxNTQ4",
                            "email": "auto.superuser1@gmail.com",
                            "__typename": "User"
                        },
                        "title": "Import request succeeded!",
                        "content": "Your import file for import draft channels with ID RmlsZUltcG9ydDo5MjYx is has been imported.",
                        "read": false,
                        "createdAt": "2022-04-28T10:00:16.307680+00:00",
                        "url": "https://scgh-ifrs-uat.scg-wedo.tech/configuration/main",
                        "__typename": "StaffNotification"
                    },
                    "__typename": "StaffNotificationCountableEdge"
                },
                {
                    "node": {
                        "id": "U3RhZmZOb3RpZmljYXRpb246MjE2ODcx",
                        "user": {
                            "id": "VXNlcjoxNTQ4",
                            "email": "auto.superuser1@gmail.com",
                            "__typename": "User"
                        },
                        "title": "Export request succeeded!",
                        "content": "Your export file for Channels with ID RXhwb3J0RmlsZTo2NzAz is ready to download.",
                        "read": true,
                        "createdAt": "2022-04-28T09:59:45.285789+00:00",
                        "url": "https://scgh-ifrs-uat-web.s3.amazonaws.com/export_files/channel_data_28_04_2022_09_59_44_b1dc51.csv",
                        "__typename": "StaffNotification"
                    },
                    "__typename": "StaffNotificationCountableEdge"
                },
                {
                    "node": {
                        "id": "U3RhZmZOb3RpZmljYXRpb246MjE2ODcw",
                        "user": {
                            "id": "VXNlcjoxNTQ4",
                            "email": "auto.superuser1@gmail.com",
                            "__typename": "User"
                        },
                        "title": "Start preparing export data!",
                        "content": "We've received your request to export Channels, your request ID is RXhwb3J0RmlsZTo2NzAz.",
                        "read": false,
                        "createdAt": "2022-04-28T09:59:44.258657+00:00",
                        "url": null,
                        "__typename": "StaffNotification"
                    },
                    "__typename": "StaffNotificationCountableEdge"
                }
            ],
            "totalCount": 2343,
            "__typename": "StaffNotificationCountableConnection"
        }
    }
}</msg>
<msg timestamp="20220428 17:14:42.075" level="INFO">${transaction_id} = {'data': {'staffNotifications': {'edges': [{'node': {'id': 'U3RhZmZOb3RpZmljYXRpb246MjE2ODk4', 'user': {'id': 'VXNlcjoxNTQ4', 'email': 'auto.superuser1@gmail.com', '__typename': 'User'}, 'title': 'Imp...</msg>
<status status="PASS" starttime="20220428 17:14:42.072" endtime="20220428 17:14:42.075"/>
</kw>
<kw name="Get Value From Json" library="JSONLibrary">
<var>${message}</var>
<arg>${transaction_id}</arg>
<arg>$..staffNotifications.edges[0].node.content</arg>
<doc>Get Value From JSON using JSONPath</doc>
<msg timestamp="20220428 17:14:42.089" level="INFO">${message} = ['Your import file for import product min max event with ID RmlsZUltcG9ydDo5MjY3 is has been imported.']</msg>
<status status="PASS" starttime="20220428 17:14:42.075" endtime="20220428 17:14:42.089"/>
</kw>
<kw name="Set Variable" library="BuiltIn">
<var>${noti_message}</var>
<arg>${message}[0]</arg>
<doc>Returns the given values which can then be assigned to a variables.</doc>
<msg timestamp="20220428 17:14:42.089" level="INFO">${noti_message} = Your import file for import product min max event with ID RmlsZUltcG9ydDo5MjY3 is has been imported.</msg>
<status status="PASS" starttime="20220428 17:14:42.089" endtime="20220428 17:14:42.089"/>
</kw>
<kw name="Get Regexp Matches" library="String">
<var>${id}</var>
<arg>${noti_message}</arg>
<arg>(ID.[a-zA-Z 0-9]{3,20})</arg>
<doc>Returns a list of all non-overlapping matches in the given string.</doc>
<msg timestamp="20220428 17:14:42.089" level="INFO">${id} = ['ID RmlsZUltcG9ydDo5MjY3']</msg>
<status status="PASS" starttime="20220428 17:14:42.089" endtime="20220428 17:14:42.089"/>
</kw>
<kw name="Set Variable" library="BuiltIn">
<var>${id}</var>
<arg>${id}[0]</arg>
<doc>Returns the given values which can then be assigned to a variables.</doc>
<msg timestamp="20220428 17:14:42.090" level="INFO">${id} = ID RmlsZUltcG9ydDo5MjY3</msg>
<status status="PASS" starttime="20220428 17:14:42.090" endtime="20220428 17:14:42.090"/>
</kw>
<msg timestamp="20220428 17:14:42.090" level="INFO">${noti_id} = ID RmlsZUltcG9ydDo5MjY3</msg>
<status status="PASS" starttime="20220428 17:14:41.848" endtime="20220428 17:14:42.090"/>
</kw>
<kw name="Get notification message from email" library="common">
<var>${message_inmail}</var>
<arg>${reg_ex_page['min_max_level']}</arg>
<arg>${account['superuser']['acc_02']['username']}</arg>
<arg>${account['superuser']['acc_02']['password']}</arg>
<arg>${folder_email['staff_notification']}</arg>
<arg>${noti_id}</arg>
<doc>${username} is username of email
${password} is password of email
${folder} is folder receive email
ID RmlsZUltcG9ydDo5MjY3 is notification id get from API
${sender} is sender of system default (admin-scgh-retail-dev@scg-wedo.tech)</doc>
<kw name="Open Mailbox" library="ImapLibrary2">
<arg>host=imap.gmail.com</arg>
<arg>user=${username}</arg>
<arg>password=${password}</arg>
<doc>Open IMAP email client session to given ``host`` with given ``user`` and ``password``.</doc>
<status status="PASS" starttime="20220428 17:14:42.104" endtime="20220428 17:17:15.536"/>
</kw>
<kw name="Wait For Email" library="ImapLibrary2">
<var>${mailbox}</var>
<arg>sender=${sender}</arg>
<arg>recipient=${username}</arg>
<arg>folder=${folder}</arg>
<arg>status=unseen</arg>
<arg>text=${noti_id}</arg>
<arg>timeout=120</arg>
<doc>Wait for email message to arrived base on any given filter criteria.
Returns email index of the latest email message received.</doc>
<msg timestamp="20220428 17:17:16.139" level="INFO">${mailbox} = 1942</msg>
<status status="PASS" starttime="20220428 17:17:15.542" endtime="20220428 17:17:16.139"/>
</kw>
<kw name="Get Email Body" library="ImapLibrary2">
<var>${mailbox}</var>
<arg>${mailbox}</arg>
<doc>Returns the decoded email body on multipart email message,
otherwise returns the body text.</doc>
<msg timestamp="20220428 17:17:16.747" level="INFO">${mailbox} = --=======49124670804808023=
Content-Type: text/plain; charset="utf-8"
MIME-Version: 1.0
Content-Transfer-Encoding: 7bit

|

Hi!  
  
---  
  
You've received a notification at SCGH Retail....</msg>
<status status="PASS" starttime="20220428 17:17:16.140" endtime="20220428 17:17:16.747"/>
</kw>
<kw name="Replace String" library="String">
<var>${mailbox}</var>
<arg>${mailbox}</arg>
<arg>\r\n</arg>
<arg>${EMPTY}</arg>
<doc>Replaces ``search_for`` in the given ``string`` with ``replace_with``.</doc>
<msg timestamp="20220428 17:17:16.753" level="INFO">${mailbox} = --=======49124670804808023=Content-Type: text/plain; charset="utf-8"MIME-Version: 1.0Content-Transfer-Encoding: 7bit|Hi!    ---    You've received a notification at SCGH Retail. Please log onto your ...</msg>
<status status="PASS" starttime="20220428 17:17:16.748" endtime="20220428 17:17:16.753"/>
</kw>
<kw name="Replace String" library="String">
<var>${mailbox}</var>
<arg>${mailbox}</arg>
<arg>"</arg>
<arg>${EMPTY}</arg>
<doc>Replaces ``search_for`` in the given ``string`` with ``replace_with``.</doc>
<msg timestamp="20220428 17:17:16.756" level="INFO">${mailbox} = --=======49124670804808023=Content-Type: text/plain; charset=utf-8MIME-Version: 1.0Content-Transfer-Encoding: 7bit|Hi!    ---    You've received a notification at SCGH Retail. Please log onto your ac...</msg>
<status status="PASS" starttime="20220428 17:17:16.753" endtime="20220428 17:17:16.756"/>
</kw>
<kw name="Get Regexp Matches" library="String">
<var>${mailbox}</var>
<arg>${mailbox}</arg>
<arg>(You'?.*Version.*?.)</arg>
<doc>Returns a list of all non-overlapping matches in the given string.</doc>
<msg timestamp="20220428 17:17:16.757" level="INFO">${mailbox} = ["You've received a notification at SCGH Retail. Please log onto your account tocheck it.      **Import request succeeded!**  Your import file for import product min max event with ID RmlsZUltcG9ydDo5...</msg>
<status status="PASS" starttime="20220428 17:17:16.757" endtime="20220428 17:17:16.757"/>
</kw>
<kw name="Get Regexp Matches" library="String">
<var>${mailbox}</var>
<arg>${mailbox}[0]</arg>
<arg>${exp_page}</arg>
<doc>Returns a list of all non-overlapping matches in the given string.</doc>
<msg timestamp="20220428 17:17:16.758" level="INFO">${mailbox} = ['Import request succeeded!**  Your import file for import product min max event with ID RmlsZUltcG9ydDo5MjY3is has been imported.  reference url: https://scgh-ifrs-uat.scg-wedo.tech/ai/min-max-level'...</msg>
<status status="PASS" starttime="20220428 17:17:16.758" endtime="20220428 17:17:16.758"/>
</kw>
<kw name="Set Variable" library="BuiltIn">
<var>${mailbox}</var>
<arg>${mailbox}[0]</arg>
<doc>Returns the given values which can then be assigned to a variables.</doc>
<msg timestamp="20220428 17:17:16.759" level="INFO">${mailbox} = Import request succeeded!**  Your import file for import product min max event with ID RmlsZUltcG9ydDo5MjY3is has been imported.  reference url: https://scgh-ifrs-uat.scg-wedo.tech/ai/min-max-level</msg>
<status status="PASS" starttime="20220428 17:17:16.759" endtime="20220428 17:17:16.759"/>
</kw>
<kw name="Replace String Using Regexp" library="String">
<var>${mailbox}</var>
<arg>${mailbox}</arg>
<arg>ID</arg>
<arg>ID${SPACE}</arg>
<doc>Replaces ``pattern`` in the given ``string`` with ``replace_with``.</doc>
<msg timestamp="20220428 17:17:16.760" level="INFO">${mailbox} = Import request succeeded!**  Your import file for import product min max event with ID  RmlsZUltcG9ydDo5MjY3is has been imported.  reference url: https://scgh-ifrs-uat.scg-wedo.tech/ai/min-max-level</msg>
<status status="PASS" starttime="20220428 17:17:16.760" endtime="20220428 17:17:16.760"/>
</kw>
<msg timestamp="20220428 17:17:16.761" level="INFO">${message_inmail} = Import request succeeded!**  Your import file for import product min max event with ID  RmlsZUltcG9ydDo5MjY3is has been imported.  reference url: https://scgh-ifrs-uat.scg-wedo.tech/ai/min-max-level</msg>
<status status="PASS" starttime="20220428 17:14:42.098" endtime="20220428 17:17:16.761"/>
</kw>
<kw name="Get expected notification message" library="common">
<var>${expected_message}</var>
<arg>${notification_message['import_succeeded_min_max']}</arg>
<arg>${noti_id}</arg>
<arg>${page['product_min_max']}</arg>
<kw name="Replace String" library="String">
<var>${id}</var>
<arg>${message_email}</arg>
<arg>{id_transcript}</arg>
<arg>${transaction_id}</arg>
<doc>Replaces ``search_for`` in the given ``string`` with ``replace_with``.</doc>
<msg timestamp="20220428 17:17:16.770" level="INFO">${id} = Import request succeeded!**  Your import file for import {page} event with ID RmlsZUltcG9ydDo5MjY3is has been imported.  reference url: https://scgh-ifrs-uat.scg-wedo.tech/ai/min-max-level</msg>
<status status="PASS" starttime="20220428 17:17:16.769" endtime="20220428 17:17:16.770"/>
</kw>
<kw name="Replace String" library="String">
<var>${page}</var>
<arg>${id}</arg>
<arg>{page}</arg>
<arg>${page}</arg>
<doc>Replaces ``search_for`` in the given ``string`` with ``replace_with``.</doc>
<msg timestamp="20220428 17:17:16.770" level="INFO">${page} = Import request succeeded!**  Your import file for import product min max event with ID RmlsZUltcG9ydDo5MjY3is has been imported.  reference url: https://scgh-ifrs-uat.scg-wedo.tech/ai/min-max-level</msg>
<status status="PASS" starttime="20220428 17:17:16.770" endtime="20220428 17:17:16.770"/>
</kw>
<msg timestamp="20220428 17:17:16.771" level="INFO">${expected_message} = Import request succeeded!**  Your import file for import product min max event with ID RmlsZUltcG9ydDo5MjY3is has been imported.  reference url: https://scgh-ifrs-uat.scg-wedo.tech/ai/min-max-level</msg>
<status status="PASS" starttime="20220428 17:17:16.762" endtime="20220428 17:17:16.771"/>
</kw>
<kw name="Remove the whitespace from messages then compare" library="common">
<arg>${message_inmail}</arg>
<arg>${expected_message}</arg>
<doc>Use keyword for remove all space</doc>
<kw name="Remove String" library="String">
<var>${actual_result}</var>
<arg>${message1}</arg>
<arg>${SPACE}</arg>
<doc>Removes all ``removables`` from the given ``string``.</doc>
<msg timestamp="20220428 17:17:16.772" level="INFO">${actual_result} = Importrequestsucceeded!**YourimportfileforimportproductminmaxeventwithIDRmlsZUltcG9ydDo5MjY3ishasbeenimported.referenceurl:https://scgh-ifrs-uat.scg-wedo.tech/ai/min-max-level</msg>
<status status="PASS" starttime="20220428 17:17:16.772" endtime="20220428 17:17:16.772"/>
</kw>
<kw name="Remove String" library="String">
<var>${expected_result}</var>
<arg>${message2}</arg>
<arg>${SPACE}</arg>
<doc>Removes all ``removables`` from the given ``string``.</doc>
<msg timestamp="20220428 17:17:16.773" level="INFO">${expected_result} = Importrequestsucceeded!**YourimportfileforimportproductminmaxeventwithIDRmlsZUltcG9ydDo5MjY3ishasbeenimported.referenceurl:https://scgh-ifrs-uat.scg-wedo.tech/ai/min-max-level</msg>
<status status="PASS" starttime="20220428 17:17:16.773" endtime="20220428 17:17:16.773"/>
</kw>
<kw name="Should Be Equal" library="BuiltIn">
<arg>${actual_result}</arg>
<arg>${expected_result}</arg>
<doc>Fails if the given objects are unequal.</doc>
<status status="PASS" starttime="20220428 17:17:16.773" endtime="20220428 17:17:16.774"/>
</kw>
<status status="PASS" starttime="20220428 17:17:16.771" endtime="20220428 17:17:16.774"/>
</kw>
<kw name="SCG suite teardown" library="common" type="TEARDOWN">
<kw name="Default test teardown" library="DobbyWebCommon">
<doc>Capture screenshot for every test case</doc>
<kw name="Run Keyword And Ignore Error" library="BuiltIn">
<arg>SeleniumLibrary.Capture Page Screenshot</arg>
<doc>Runs the given keyword with the given arguments and ignores possible error.</doc>
<kw name="Capture Page Screenshot" library="SeleniumLibrary">
<doc>Takes a screenshot of the current page and embeds it into a log file.</doc>
<msg timestamp="20220428 17:17:17.069" level="INFO" html="true">&lt;/td&gt;&lt;/tr&gt;&lt;tr&gt;&lt;td colspan="3"&gt;&lt;a href="selenium-screenshot-389.png"&gt;&lt;img src="selenium-screenshot-389.png" width="800px"&gt;&lt;/a&gt;</msg>
<status status="PASS" starttime="20220428 17:17:16.777" endtime="20220428 17:17:17.069"/>
</kw>
<status status="PASS" starttime="20220428 17:17:16.776" endtime="20220428 17:17:17.069"/>
</kw>
<kw name="Run Keyword If Test Failed" library="BuiltIn">
<arg>Run Keyword And Ignore Error</arg>
<arg>SeleniumLibrary.Log Source</arg>
<doc>Runs the given keyword with the given arguments, if the test failed.</doc>
<status status="PASS" starttime="20220428 17:17:17.069" endtime="20220428 17:17:17.069"/>
</kw>
<kw name="Close All Browsers" library="SeleniumLibrary">
<doc>Closes all open browsers and resets the browser cache.</doc>
<status status="PASS" starttime="20220428 17:17:17.069" endtime="20220428 17:17:17.273"/>
</kw>
<status status="PASS" starttime="20220428 17:17:16.775" endtime="20220428 17:17:17.273"/>
</kw>
<status status="PASS" starttime="20220428 17:17:16.774" endtime="20220428 17:17:17.273"/>
</kw>
<doc>ai min max level by dc</doc>
<tag>QTM-1113-1</tag>
<tag>QTM-1113-2</tag>
<status status="PASS" starttime="20220428 17:14:16.173" endtime="20220428 17:17:17.273"/>
</test>
<status status="PASS" starttime="20220428 17:14:09.476" endtime="20220428 17:17:17.274"/>
</suite>
<statistics>
<total>
<stat pass="1" fail="0" skip="0">All Tests</stat>
</total>
<tag>
<stat pass="1" fail="0" skip="0">QTM-1113-1</stat>
<stat pass="1" fail="0" skip="0">QTM-1113-2</stat>
</tag>
<suite>
<stat pass="1" fail="0" skip="0" id="s1" name="QTM-1113">QTM-1113</stat>
</suite>
</statistics>
<errors>
<msg timestamp="20220428 17:14:41.256" level="WARN">'retry clicking element for 1 time with error: StaleElementReferenceException: Message: stale element reference: element is not attached to the page document
  (Session info: chrome=100.0.4896.127)
'</msg>
</errors>
</robot>
